{"C:\\Users\\jenni\\OneDrive\\Documents\\GitHub\\agile-automation-playground\\.github\\scripts\\discord-pr-notifications\\index.ts": {"path":"C:\\Users\\jenni\\OneDrive\\Documents\\GitHub\\agile-automation-playground\\.github\\scripts\\discord-pr-notifications\\index.ts","all":true,"statementMap":{"0":{"start":{"line":1,"column":0},"end":{"line":1,"column":38}},"1":{"start":{"line":2,"column":0},"end":{"line":2,"column":42}},"2":{"start":{"line":3,"column":0},"end":{"line":3,"column":25}},"3":{"start":{"line":4,"column":0},"end":{"line":4,"column":70}},"4":{"start":{"line":5,"column":0},"end":{"line":5,"column":61}},"5":{"start":{"line":6,"column":0},"end":{"line":6,"column":79}},"6":{"start":{"line":7,"column":0},"end":{"line":7,"column":71}},"7":{"start":{"line":8,"column":0},"end":{"line":8,"column":75}},"8":{"start":{"line":9,"column":0},"end":{"line":9,"column":61}},"9":{"start":{"line":10,"column":0},"end":{"line":10,"column":71}},"10":{"start":{"line":11,"column":0},"end":{"line":11,"column":75}},"11":{"start":{"line":12,"column":0},"end":{"line":12,"column":61}},"12":{"start":{"line":13,"column":0},"end":{"line":13,"column":61}},"13":{"start":{"line":14,"column":0},"end":{"line":14,"column":0}},"14":{"start":{"line":15,"column":0},"end":{"line":15,"column":3}},"15":{"start":{"line":16,"column":0},"end":{"line":16,"column":56}},"16":{"start":{"line":17,"column":0},"end":{"line":17,"column":3}},"17":{"start":{"line":18,"column":0},"end":{"line":18,"column":29}},"18":{"start":{"line":19,"column":0},"end":{"line":19,"column":10}},"19":{"start":{"line":20,"column":0},"end":{"line":20,"column":60}},"20":{"start":{"line":21,"column":0},"end":{"line":21,"column":56}},"21":{"start":{"line":22,"column":0},"end":{"line":22,"column":50}},"22":{"start":{"line":23,"column":0},"end":{"line":23,"column":52}},"23":{"start":{"line":24,"column":0},"end":{"line":24,"column":4}},"24":{"start":{"line":25,"column":0},"end":{"line":25,"column":1}},"25":{"start":{"line":26,"column":0},"end":{"line":26,"column":0}},"26":{"start":{"line":27,"column":0},"end":{"line":27,"column":3}},"27":{"start":{"line":28,"column":0},"end":{"line":28,"column":30}},"28":{"start":{"line":29,"column":0},"end":{"line":29,"column":3}},"29":{"start":{"line":30,"column":0},"end":{"line":30,"column":24}},"30":{"start":{"line":31,"column":0},"end":{"line":31,"column":10}},"31":{"start":{"line":32,"column":0},"end":{"line":32,"column":53}},"32":{"start":{"line":33,"column":0},"end":{"line":33,"column":55}},"33":{"start":{"line":34,"column":0},"end":{"line":34,"column":59}},"34":{"start":{"line":35,"column":0},"end":{"line":35,"column":71}},"35":{"start":{"line":36,"column":0},"end":{"line":36,"column":43}},"36":{"start":{"line":37,"column":0},"end":{"line":37,"column":53}},"37":{"start":{"line":38,"column":0},"end":{"line":38,"column":53}},"38":{"start":{"line":39,"column":0},"end":{"line":39,"column":53}},"39":{"start":{"line":40,"column":0},"end":{"line":40,"column":53}},"40":{"start":{"line":41,"column":0},"end":{"line":41,"column":4}},"41":{"start":{"line":42,"column":0},"end":{"line":42,"column":1}},"42":{"start":{"line":43,"column":0},"end":{"line":43,"column":0}},"43":{"start":{"line":44,"column":0},"end":{"line":44,"column":3}},"44":{"start":{"line":45,"column":0},"end":{"line":45,"column":42}},"45":{"start":{"line":46,"column":0},"end":{"line":46,"column":3}},"46":{"start":{"line":47,"column":0},"end":{"line":47,"column":52}},"47":{"start":{"line":48,"column":0},"end":{"line":48,"column":91}},"48":{"start":{"line":49,"column":0},"end":{"line":49,"column":7}},"49":{"start":{"line":50,"column":0},"end":{"line":50,"column":52}},"50":{"start":{"line":51,"column":0},"end":{"line":51,"column":33}},"51":{"start":{"line":52,"column":0},"end":{"line":52,"column":15}},"52":{"start":{"line":53,"column":0},"end":{"line":53,"column":99}},"53":{"start":{"line":54,"column":0},"end":{"line":54,"column":3}},"54":{"start":{"line":55,"column":0},"end":{"line":55,"column":1}},"55":{"start":{"line":56,"column":0},"end":{"line":56,"column":0}},"56":{"start":{"line":57,"column":0},"end":{"line":57,"column":3}},"57":{"start":{"line":58,"column":0},"end":{"line":58,"column":47}},"58":{"start":{"line":59,"column":0},"end":{"line":59,"column":3}},"59":{"start":{"line":60,"column":0},"end":{"line":60,"column":65}},"60":{"start":{"line":61,"column":0},"end":{"line":61,"column":24}},"61":{"start":{"line":62,"column":0},"end":{"line":62,"column":14}},"62":{"start":{"line":63,"column":0},"end":{"line":63,"column":3}},"63":{"start":{"line":64,"column":0},"end":{"line":64,"column":7}},"64":{"start":{"line":65,"column":0},"end":{"line":65,"column":38}},"65":{"start":{"line":66,"column":0},"end":{"line":66,"column":15}},"66":{"start":{"line":67,"column":0},"end":{"line":67,"column":107}},"67":{"start":{"line":68,"column":0},"end":{"line":68,"column":3}},"68":{"start":{"line":69,"column":0},"end":{"line":69,"column":1}},"69":{"start":{"line":70,"column":0},"end":{"line":70,"column":0}},"70":{"start":{"line":71,"column":0},"end":{"line":71,"column":3}},"71":{"start":{"line":72,"column":0},"end":{"line":72,"column":19}},"72":{"start":{"line":73,"column":0},"end":{"line":73,"column":3}},"73":{"start":{"line":74,"column":0},"end":{"line":74,"column":38}},"74":{"start":{"line":75,"column":0},"end":{"line":75,"column":35}},"75":{"start":{"line":76,"column":0},"end":{"line":76,"column":23}},"76":{"start":{"line":77,"column":0},"end":{"line":77,"column":42}},"77":{"start":{"line":78,"column":0},"end":{"line":78,"column":0}},"78":{"start":{"line":79,"column":0},"end":{"line":79,"column":19}},"79":{"start":{"line":80,"column":0},"end":{"line":80,"column":80}},"80":{"start":{"line":81,"column":0},"end":{"line":81,"column":11}},"81":{"start":{"line":82,"column":0},"end":{"line":82,"column":3}},"82":{"start":{"line":83,"column":0},"end":{"line":83,"column":0}},"83":{"start":{"line":84,"column":0},"end":{"line":84,"column":29}},"84":{"start":{"line":85,"column":0},"end":{"line":85,"column":61}},"85":{"start":{"line":86,"column":0},"end":{"line":86,"column":15}},"86":{"start":{"line":87,"column":0},"end":{"line":87,"column":54}},"87":{"start":{"line":88,"column":0},"end":{"line":88,"column":11}},"88":{"start":{"line":89,"column":0},"end":{"line":89,"column":3}},"89":{"start":{"line":90,"column":0},"end":{"line":90,"column":0}},"90":{"start":{"line":91,"column":0},"end":{"line":91,"column":43}},"91":{"start":{"line":92,"column":0},"end":{"line":92,"column":0}},"92":{"start":{"line":93,"column":0},"end":{"line":93,"column":23}},"93":{"start":{"line":94,"column":0},"end":{"line":94,"column":58}},"94":{"start":{"line":95,"column":0},"end":{"line":95,"column":0}},"95":{"start":{"line":96,"column":0},"end":{"line":96,"column":84}},"96":{"start":{"line":97,"column":0},"end":{"line":97,"column":20}},"97":{"start":{"line":98,"column":0},"end":{"line":98,"column":19}},"98":{"start":{"line":99,"column":0},"end":{"line":99,"column":30}},"99":{"start":{"line":100,"column":0},"end":{"line":100,"column":53}},"100":{"start":{"line":101,"column":0},"end":{"line":101,"column":37}},"101":{"start":{"line":102,"column":0},"end":{"line":102,"column":34}},"102":{"start":{"line":103,"column":0},"end":{"line":103,"column":36}},"103":{"start":{"line":104,"column":0},"end":{"line":104,"column":10}},"104":{"start":{"line":105,"column":0},"end":{"line":105,"column":38}},"105":{"start":{"line":106,"column":0},"end":{"line":106,"column":36}},"106":{"start":{"line":107,"column":0},"end":{"line":107,"column":3}},"107":{"start":{"line":108,"column":0},"end":{"line":108,"column":0}},"108":{"start":{"line":109,"column":0},"end":{"line":109,"column":27}},"109":{"start":{"line":110,"column":0},"end":{"line":110,"column":35}},"110":{"start":{"line":111,"column":0},"end":{"line":111,"column":13}},"111":{"start":{"line":112,"column":0},"end":{"line":112,"column":25}},"112":{"start":{"line":113,"column":0},"end":{"line":113,"column":6}},"113":{"start":{"line":114,"column":0},"end":{"line":114,"column":11}},"114":{"start":{"line":115,"column":0},"end":{"line":115,"column":12}},"115":{"start":{"line":116,"column":0},"end":{"line":116,"column":11}},"116":{"start":{"line":117,"column":0},"end":{"line":117,"column":6}},"117":{"start":{"line":118,"column":0},"end":{"line":118,"column":12}},"118":{"start":{"line":119,"column":0},"end":{"line":119,"column":4}},"119":{"start":{"line":120,"column":0},"end":{"line":120,"column":0}},"120":{"start":{"line":121,"column":0},"end":{"line":121,"column":23}},"121":{"start":{"line":122,"column":0},"end":{"line":122,"column":65}},"122":{"start":{"line":123,"column":0},"end":{"line":123,"column":0}},"123":{"start":{"line":124,"column":0},"end":{"line":124,"column":25}},"124":{"start":{"line":125,"column":0},"end":{"line":125,"column":41}},"125":{"start":{"line":126,"column":0},"end":{"line":126,"column":43}},"126":{"start":{"line":127,"column":0},"end":{"line":127,"column":0}},"127":{"start":{"line":128,"column":0},"end":{"line":128,"column":18}},"128":{"start":{"line":129,"column":0},"end":{"line":129,"column":66}},"129":{"start":{"line":130,"column":0},"end":{"line":130,"column":11}},"130":{"start":{"line":131,"column":0},"end":{"line":131,"column":3}},"131":{"start":{"line":132,"column":0},"end":{"line":132,"column":0}},"132":{"start":{"line":133,"column":0},"end":{"line":133,"column":48}},"133":{"start":{"line":134,"column":0},"end":{"line":134,"column":7}},"134":{"start":{"line":135,"column":0},"end":{"line":135,"column":39}},"135":{"start":{"line":136,"column":0},"end":{"line":136,"column":36}},"136":{"start":{"line":137,"column":0},"end":{"line":137,"column":0}},"137":{"start":{"line":138,"column":0},"end":{"line":138,"column":32}},"138":{"start":{"line":139,"column":0},"end":{"line":139,"column":25}},"139":{"start":{"line":140,"column":0},"end":{"line":140,"column":73}},"140":{"start":{"line":141,"column":0},"end":{"line":141,"column":17}},"141":{"start":{"line":142,"column":0},"end":{"line":142,"column":9}},"142":{"start":{"line":143,"column":0},"end":{"line":143,"column":85}},"143":{"start":{"line":144,"column":0},"end":{"line":144,"column":49}},"144":{"start":{"line":145,"column":0},"end":{"line":145,"column":82}},"145":{"start":{"line":146,"column":0},"end":{"line":146,"column":49}},"146":{"start":{"line":147,"column":0},"end":{"line":147,"column":79}},"147":{"start":{"line":148,"column":0},"end":{"line":148,"column":55}},"148":{"start":{"line":149,"column":0},"end":{"line":149,"column":81}},"149":{"start":{"line":150,"column":0},"end":{"line":150,"column":44}},"150":{"start":{"line":151,"column":0},"end":{"line":151,"column":79}},"151":{"start":{"line":152,"column":0},"end":{"line":152,"column":39}},"152":{"start":{"line":153,"column":0},"end":{"line":153,"column":52}},"153":{"start":{"line":154,"column":0},"end":{"line":154,"column":76}},"154":{"start":{"line":155,"column":0},"end":{"line":155,"column":16}},"155":{"start":{"line":156,"column":0},"end":{"line":156,"column":76}},"156":{"start":{"line":157,"column":0},"end":{"line":157,"column":9}},"157":{"start":{"line":158,"column":0},"end":{"line":158,"column":7}},"158":{"start":{"line":159,"column":0},"end":{"line":159,"column":53}},"159":{"start":{"line":160,"column":0},"end":{"line":160,"column":36}},"160":{"start":{"line":161,"column":0},"end":{"line":161,"column":0}},"161":{"start":{"line":162,"column":0},"end":{"line":162,"column":35}},"162":{"start":{"line":163,"column":0},"end":{"line":163,"column":74}},"163":{"start":{"line":164,"column":0},"end":{"line":164,"column":42}},"164":{"start":{"line":165,"column":0},"end":{"line":165,"column":81}},"165":{"start":{"line":166,"column":0},"end":{"line":166,"column":7}},"166":{"start":{"line":167,"column":0},"end":{"line":167,"column":12}},"167":{"start":{"line":168,"column":0},"end":{"line":168,"column":59}},"168":{"start":{"line":169,"column":0},"end":{"line":169,"column":5}},"169":{"start":{"line":170,"column":0},"end":{"line":170,"column":19}},"170":{"start":{"line":171,"column":0},"end":{"line":171,"column":103}},"171":{"start":{"line":172,"column":0},"end":{"line":172,"column":16}},"172":{"start":{"line":173,"column":0},"end":{"line":173,"column":3}},"173":{"start":{"line":174,"column":0},"end":{"line":174,"column":1}},"174":{"start":{"line":175,"column":0},"end":{"line":175,"column":0}},"175":{"start":{"line":176,"column":0},"end":{"line":176,"column":20}},"176":{"start":{"line":177,"column":0},"end":{"line":177,"column":25}},"177":{"start":{"line":178,"column":0},"end":{"line":178,"column":95}},"178":{"start":{"line":179,"column":0},"end":{"line":179,"column":18}},"179":{"start":{"line":180,"column":0},"end":{"line":180,"column":3}}},"s":{"0":0,"1":0,"2":0,"3":0,"4":0,"5":0,"6":0,"7":0,"8":0,"9":0,"10":0,"11":0,"12":0,"13":0,"14":0,"15":0,"16":0,"17":0,"18":0,"19":0,"20":0,"21":0,"22":0,"23":0,"24":0,"25":0,"26":0,"27":0,"28":0,"29":0,"30":0,"31":0,"32":0,"33":0,"34":0,"35":0,"36":0,"37":0,"38":0,"39":0,"40":0,"41":0,"42":0,"43":0,"44":0,"45":0,"46":0,"47":0,"48":0,"49":0,"50":0,"51":0,"52":0,"53":0,"54":0,"55":0,"56":0,"57":0,"58":0,"59":0,"60":0,"61":0,"62":0,"63":0,"64":0,"65":0,"66":0,"67":0,"68":0,"69":0,"70":0,"71":0,"72":0,"73":0,"74":0,"75":0,"76":0,"77":0,"78":0,"79":0,"80":0,"81":0,"82":0,"83":0,"84":0,"85":0,"86":0,"87":0,"88":0,"89":0,"90":0,"91":0,"92":0,"93":0,"94":0,"95":0,"96":0,"97":0,"98":0,"99":0,"100":0,"101":0,"102":0,"103":0,"104":0,"105":0,"106":0,"107":0,"108":0,"109":0,"110":0,"111":0,"112":0,"113":0,"114":0,"115":0,"116":0,"117":0,"118":0,"119":0,"120":0,"121":0,"122":0,"123":0,"124":0,"125":0,"126":0,"127":0,"128":0,"129":0,"130":0,"131":0,"132":0,"133":0,"134":0,"135":0,"136":0,"137":0,"138":0,"139":0,"140":0,"141":0,"142":0,"143":0,"144":0,"145":0,"146":0,"147":0,"148":0,"149":0,"150":0,"151":0,"152":0,"153":0,"154":0,"155":0,"156":0,"157":0,"158":0,"159":0,"160":0,"161":0,"162":0,"163":0,"164":0,"165":0,"166":0,"167":0,"168":0,"169":0,"170":0,"171":0,"172":0,"173":0,"174":0,"175":0,"176":0,"177":0,"178":0,"179":0},"branchMap":{"0":{"type":"branch","line":1,"loc":{"start":{"line":1,"column":0},"end":{"line":180,"column":-510}},"locations":[{"start":{"line":1,"column":0},"end":{"line":180,"column":-510}}]}},"b":{"0":[0]},"fnMap":{"0":{"name":"(empty-report)","decl":{"start":{"line":1,"column":0},"end":{"line":180,"column":-510}},"loc":{"start":{"line":1,"column":0},"end":{"line":180,"column":-510}},"line":1}},"f":{"0":0}}
,"C:\\Users\\jenni\\OneDrive\\Documents\\GitHub\\agile-automation-playground\\.github\\scripts\\discord-pr-notifications\\handlers\\handle-pr-closed.ts": {"path":"C:\\Users\\jenni\\OneDrive\\Documents\\GitHub\\agile-automation-playground\\.github\\scripts\\discord-pr-notifications\\handlers\\handle-pr-closed.ts","all":false,"statementMap":{"0":{"start":{"line":1,"column":0},"end":{"line":1,"column":66}},"1":{"start":{"line":2,"column":0},"end":{"line":2,"column":90}},"2":{"start":{"line":3,"column":0},"end":{"line":3,"column":95}},"3":{"start":{"line":4,"column":0},"end":{"line":4,"column":70}},"4":{"start":{"line":5,"column":0},"end":{"line":5,"column":0}},"5":{"start":{"line":6,"column":0},"end":{"line":6,"column":37}},"6":{"start":{"line":7,"column":0},"end":{"line":7,"column":26}},"7":{"start":{"line":8,"column":0},"end":{"line":8,"column":13}},"8":{"start":{"line":9,"column":0},"end":{"line":9,"column":19}},"9":{"start":{"line":10,"column":0},"end":{"line":10,"column":26}},"10":{"start":{"line":11,"column":0},"end":{"line":11,"column":18}},"11":{"start":{"line":12,"column":0},"end":{"line":12,"column":42}},"12":{"start":{"line":13,"column":0},"end":{"line":13,"column":29}},"13":{"start":{"line":14,"column":0},"end":{"line":14,"column":28}},"14":{"start":{"line":15,"column":0},"end":{"line":15,"column":59}},"15":{"start":{"line":16,"column":0},"end":{"line":16,"column":0}},"16":{"start":{"line":17,"column":0},"end":{"line":17,"column":47}},"17":{"start":{"line":18,"column":0},"end":{"line":18,"column":24}},"18":{"start":{"line":19,"column":0},"end":{"line":19,"column":7}},"19":{"start":{"line":20,"column":0},"end":{"line":20,"column":65}},"20":{"start":{"line":21,"column":0},"end":{"line":21,"column":68}},"21":{"start":{"line":22,"column":0},"end":{"line":22,"column":71}},"22":{"start":{"line":23,"column":0},"end":{"line":23,"column":37}},"23":{"start":{"line":24,"column":0},"end":{"line":24,"column":35}},"24":{"start":{"line":25,"column":0},"end":{"line":25,"column":66}},"25":{"start":{"line":26,"column":0},"end":{"line":26,"column":73}},"26":{"start":{"line":27,"column":0},"end":{"line":27,"column":59}},"27":{"start":{"line":28,"column":0},"end":{"line":28,"column":29}},"28":{"start":{"line":29,"column":0},"end":{"line":29,"column":95}},"29":{"start":{"line":30,"column":0},"end":{"line":30,"column":46}},"30":{"start":{"line":31,"column":0},"end":{"line":31,"column":7}},"31":{"start":{"line":32,"column":0},"end":{"line":32,"column":5}},"32":{"start":{"line":33,"column":0},"end":{"line":33,"column":15}},"33":{"start":{"line":34,"column":0},"end":{"line":34,"column":99}},"34":{"start":{"line":35,"column":0},"end":{"line":35,"column":3}},"35":{"start":{"line":36,"column":0},"end":{"line":36,"column":0}},"36":{"start":{"line":37,"column":0},"end":{"line":37,"column":18}},"37":{"start":{"line":38,"column":0},"end":{"line":38,"column":59}},"38":{"start":{"line":39,"column":0},"end":{"line":39,"column":11}},"39":{"start":{"line":40,"column":0},"end":{"line":40,"column":3}},"40":{"start":{"line":41,"column":0},"end":{"line":41,"column":0}},"41":{"start":{"line":42,"column":0},"end":{"line":42,"column":62}},"42":{"start":{"line":43,"column":0},"end":{"line":43,"column":0}},"43":{"start":{"line":44,"column":0},"end":{"line":44,"column":41}},"44":{"start":{"line":45,"column":0},"end":{"line":45,"column":67}},"45":{"start":{"line":46,"column":0},"end":{"line":46,"column":9}},"46":{"start":{"line":47,"column":0},"end":{"line":47,"column":58}},"47":{"start":{"line":48,"column":0},"end":{"line":48,"column":17}},"48":{"start":{"line":49,"column":0},"end":{"line":49,"column":93}},"49":{"start":{"line":50,"column":0},"end":{"line":50,"column":5}},"50":{"start":{"line":51,"column":0},"end":{"line":51,"column":11}},"51":{"start":{"line":52,"column":0},"end":{"line":52,"column":3}},"52":{"start":{"line":53,"column":0},"end":{"line":53,"column":0}},"53":{"start":{"line":54,"column":0},"end":{"line":54,"column":19}},"54":{"start":{"line":55,"column":0},"end":{"line":55,"column":58}},"55":{"start":{"line":56,"column":0},"end":{"line":56,"column":103}},"56":{"start":{"line":57,"column":0},"end":{"line":57,"column":51}},"57":{"start":{"line":58,"column":0},"end":{"line":58,"column":65}},"58":{"start":{"line":59,"column":0},"end":{"line":59,"column":3}},"59":{"start":{"line":60,"column":0},"end":{"line":60,"column":0}},"60":{"start":{"line":61,"column":0},"end":{"line":61,"column":70}},"61":{"start":{"line":62,"column":0},"end":{"line":62,"column":0}},"62":{"start":{"line":63,"column":0},"end":{"line":63,"column":20}},"63":{"start":{"line":64,"column":0},"end":{"line":64,"column":7}},"64":{"start":{"line":65,"column":0},"end":{"line":65,"column":57}},"65":{"start":{"line":66,"column":0},"end":{"line":66,"column":15}},"66":{"start":{"line":67,"column":0},"end":{"line":67,"column":89}},"67":{"start":{"line":68,"column":0},"end":{"line":68,"column":3}},"68":{"start":{"line":69,"column":0},"end":{"line":69,"column":0}},"69":{"start":{"line":70,"column":0},"end":{"line":70,"column":33}},"70":{"start":{"line":71,"column":0},"end":{"line":71,"column":7}},"71":{"start":{"line":72,"column":0},"end":{"line":72,"column":93}},"72":{"start":{"line":73,"column":0},"end":{"line":73,"column":45}},"73":{"start":{"line":74,"column":0},"end":{"line":74,"column":26}},"74":{"start":{"line":75,"column":0},"end":{"line":75,"column":48}},"75":{"start":{"line":76,"column":0},"end":{"line":76,"column":6}},"76":{"start":{"line":77,"column":0},"end":{"line":77,"column":0}},"77":{"start":{"line":78,"column":0},"end":{"line":78,"column":90}},"78":{"start":{"line":79,"column":0},"end":{"line":79,"column":15}},"79":{"start":{"line":80,"column":0},"end":{"line":80,"column":97}},"80":{"start":{"line":81,"column":0},"end":{"line":81,"column":3}},"81":{"start":{"line":82,"column":0},"end":{"line":82,"column":1}}},"s":{"0":1,"1":1,"2":1,"3":1,"4":1,"5":2,"6":2,"7":2,"8":2,"9":2,"10":2,"11":2,"12":2,"13":2,"14":2,"15":2,"16":2,"17":2,"18":2,"19":2,"20":2,"21":2,"22":2,"23":2,"24":1,"25":1,"26":1,"27":1,"28":1,"29":1,"30":1,"31":1,"32":2,"33":0,"34":0,"35":2,"36":2,"37":0,"38":0,"39":0,"40":2,"41":2,"42":2,"43":2,"44":0,"45":0,"46":0,"47":0,"48":0,"49":0,"50":0,"51":0,"52":2,"53":2,"54":2,"55":2,"56":2,"57":1,"58":1,"59":2,"60":2,"61":2,"62":2,"63":2,"64":2,"65":2,"66":0,"67":0,"68":2,"69":2,"70":2,"71":2,"72":2,"73":2,"74":2,"75":2,"76":2,"77":2,"78":2,"79":0,"80":0,"81":2},"branchMap":{"0":{"type":"branch","line":6,"loc":{"start":{"line":6,"column":0},"end":{"line":82,"column":1}},"locations":[{"start":{"line":6,"column":0},"end":{"line":82,"column":1}}]},"1":{"type":"branch","line":24,"loc":{"start":{"line":24,"column":34},"end":{"line":32,"column":5}},"locations":[{"start":{"line":24,"column":34},"end":{"line":32,"column":5}}]},"2":{"type":"branch","line":30,"loc":{"start":{"line":30,"column":35},"end":{"line":30,"column":46}},"locations":[{"start":{"line":30,"column":35},"end":{"line":30,"column":46}}]},"3":{"type":"branch","line":33,"loc":{"start":{"line":33,"column":2},"end":{"line":35,"column":3}},"locations":[{"start":{"line":33,"column":2},"end":{"line":35,"column":3}}]},"4":{"type":"branch","line":37,"loc":{"start":{"line":37,"column":17},"end":{"line":40,"column":3}},"locations":[{"start":{"line":37,"column":17},"end":{"line":40,"column":3}}]},"5":{"type":"branch","line":44,"loc":{"start":{"line":44,"column":40},"end":{"line":52,"column":3}},"locations":[{"start":{"line":44,"column":40},"end":{"line":52,"column":3}}]},"6":{"type":"branch","line":57,"loc":{"start":{"line":57,"column":6},"end":{"line":57,"column":50}},"locations":[{"start":{"line":57,"column":6},"end":{"line":57,"column":50}}]},"7":{"type":"branch","line":57,"loc":{"start":{"line":57,"column":50},"end":{"line":59,"column":3}},"locations":[{"start":{"line":57,"column":50},"end":{"line":59,"column":3}}]},"8":{"type":"branch","line":66,"loc":{"start":{"line":66,"column":2},"end":{"line":68,"column":3}},"locations":[{"start":{"line":66,"column":2},"end":{"line":68,"column":3}}]},"9":{"type":"branch","line":79,"loc":{"start":{"line":79,"column":2},"end":{"line":81,"column":3}},"locations":[{"start":{"line":79,"column":2},"end":{"line":81,"column":3}}]}},"b":{"0":[2],"1":[1],"2":[0],"3":[0],"4":[0],"5":[0],"6":[1],"7":[1],"8":[0],"9":[0]},"fnMap":{"0":{"name":"handlePRClosed","decl":{"start":{"line":6,"column":0},"end":{"line":82,"column":1}},"loc":{"start":{"line":6,"column":0},"end":{"line":82,"column":1}},"line":6}},"f":{"0":2}}
,"C:\\Users\\jenni\\OneDrive\\Documents\\GitHub\\agile-automation-playground\\.github\\scripts\\discord-pr-notifications\\handlers\\handle-pr-merged.ts": {"path":"C:\\Users\\jenni\\OneDrive\\Documents\\GitHub\\agile-automation-playground\\.github\\scripts\\discord-pr-notifications\\handlers\\handle-pr-merged.ts","all":false,"statementMap":{"0":{"start":{"line":1,"column":0},"end":{"line":1,"column":66}},"1":{"start":{"line":2,"column":0},"end":{"line":2,"column":106}},"2":{"start":{"line":3,"column":0},"end":{"line":3,"column":80}},"3":{"start":{"line":4,"column":0},"end":{"line":4,"column":70}},"4":{"start":{"line":5,"column":0},"end":{"line":5,"column":0}},"5":{"start":{"line":6,"column":0},"end":{"line":6,"column":37}},"6":{"start":{"line":7,"column":0},"end":{"line":7,"column":26}},"7":{"start":{"line":8,"column":0},"end":{"line":8,"column":13}},"8":{"start":{"line":9,"column":0},"end":{"line":9,"column":19}},"9":{"start":{"line":10,"column":0},"end":{"line":10,"column":26}},"10":{"start":{"line":11,"column":0},"end":{"line":11,"column":18}},"11":{"start":{"line":12,"column":0},"end":{"line":12,"column":42}},"12":{"start":{"line":13,"column":0},"end":{"line":13,"column":29}},"13":{"start":{"line":14,"column":0},"end":{"line":14,"column":28}},"14":{"start":{"line":15,"column":0},"end":{"line":15,"column":33}},"15":{"start":{"line":16,"column":0},"end":{"line":16,"column":31}},"16":{"start":{"line":17,"column":0},"end":{"line":17,"column":63}},"17":{"start":{"line":18,"column":0},"end":{"line":18,"column":45}},"18":{"start":{"line":19,"column":0},"end":{"line":19,"column":0}},"19":{"start":{"line":20,"column":0},"end":{"line":20,"column":18}},"20":{"start":{"line":21,"column":0},"end":{"line":21,"column":59}},"21":{"start":{"line":22,"column":0},"end":{"line":22,"column":11}},"22":{"start":{"line":23,"column":0},"end":{"line":23,"column":3}},"23":{"start":{"line":24,"column":0},"end":{"line":24,"column":0}},"24":{"start":{"line":25,"column":0},"end":{"line":25,"column":29}},"25":{"start":{"line":26,"column":0},"end":{"line":26,"column":24}},"26":{"start":{"line":27,"column":0},"end":{"line":27,"column":23}},"27":{"start":{"line":28,"column":0},"end":{"line":28,"column":9}},"28":{"start":{"line":29,"column":0},"end":{"line":29,"column":64}},"29":{"start":{"line":30,"column":0},"end":{"line":30,"column":34}},"30":{"start":{"line":31,"column":0},"end":{"line":31,"column":32}},"31":{"start":{"line":32,"column":0},"end":{"line":32,"column":28}},"32":{"start":{"line":33,"column":0},"end":{"line":33,"column":9}},"33":{"start":{"line":34,"column":0},"end":{"line":34,"column":63}},"34":{"start":{"line":35,"column":0},"end":{"line":35,"column":17}},"35":{"start":{"line":36,"column":0},"end":{"line":36,"column":98}},"36":{"start":{"line":37,"column":0},"end":{"line":37,"column":5}},"37":{"start":{"line":38,"column":0},"end":{"line":38,"column":3}},"38":{"start":{"line":39,"column":0},"end":{"line":39,"column":0}},"39":{"start":{"line":40,"column":0},"end":{"line":40,"column":62}},"40":{"start":{"line":41,"column":0},"end":{"line":41,"column":0}},"41":{"start":{"line":42,"column":0},"end":{"line":42,"column":18}},"42":{"start":{"line":43,"column":0},"end":{"line":43,"column":69}},"43":{"start":{"line":44,"column":0},"end":{"line":44,"column":9}},"44":{"start":{"line":45,"column":0},"end":{"line":45,"column":58}},"45":{"start":{"line":46,"column":0},"end":{"line":46,"column":17}},"46":{"start":{"line":47,"column":0},"end":{"line":47,"column":93}},"47":{"start":{"line":48,"column":0},"end":{"line":48,"column":5}},"48":{"start":{"line":49,"column":0},"end":{"line":49,"column":11}},"49":{"start":{"line":50,"column":0},"end":{"line":50,"column":3}},"50":{"start":{"line":51,"column":0},"end":{"line":51,"column":0}},"51":{"start":{"line":52,"column":0},"end":{"line":52,"column":35}},"52":{"start":{"line":53,"column":0},"end":{"line":53,"column":7}},"53":{"start":{"line":54,"column":0},"end":{"line":54,"column":80}},"54":{"start":{"line":55,"column":0},"end":{"line":55,"column":15}},"55":{"start":{"line":56,"column":0},"end":{"line":56,"column":90}},"56":{"start":{"line":57,"column":0},"end":{"line":57,"column":3}},"57":{"start":{"line":58,"column":0},"end":{"line":58,"column":0}},"58":{"start":{"line":59,"column":0},"end":{"line":59,"column":24}},"59":{"start":{"line":60,"column":0},"end":{"line":60,"column":58}},"60":{"start":{"line":61,"column":0},"end":{"line":61,"column":58}},"61":{"start":{"line":62,"column":0},"end":{"line":62,"column":125}},"62":{"start":{"line":63,"column":0},"end":{"line":63,"column":21}},"63":{"start":{"line":64,"column":0},"end":{"line":64,"column":49}},"64":{"start":{"line":65,"column":0},"end":{"line":65,"column":3}},"65":{"start":{"line":66,"column":0},"end":{"line":66,"column":90}},"66":{"start":{"line":67,"column":0},"end":{"line":67,"column":0}},"67":{"start":{"line":68,"column":0},"end":{"line":68,"column":19}},"68":{"start":{"line":69,"column":0},"end":{"line":69,"column":27}},"69":{"start":{"line":70,"column":0},"end":{"line":70,"column":77}},"70":{"start":{"line":71,"column":0},"end":{"line":71,"column":0}},"71":{"start":{"line":72,"column":0},"end":{"line":72,"column":34}},"72":{"start":{"line":73,"column":0},"end":{"line":73,"column":9}},"73":{"start":{"line":74,"column":0},"end":{"line":74,"column":56}},"74":{"start":{"line":75,"column":0},"end":{"line":75,"column":17}},"75":{"start":{"line":76,"column":0},"end":{"line":76,"column":94}},"76":{"start":{"line":77,"column":0},"end":{"line":77,"column":5}},"77":{"start":{"line":78,"column":0},"end":{"line":78,"column":3}},"78":{"start":{"line":79,"column":0},"end":{"line":79,"column":0}},"79":{"start":{"line":80,"column":0},"end":{"line":80,"column":33}},"80":{"start":{"line":81,"column":0},"end":{"line":81,"column":7}},"81":{"start":{"line":82,"column":0},"end":{"line":82,"column":93}},"82":{"start":{"line":83,"column":0},"end":{"line":83,"column":45}},"83":{"start":{"line":84,"column":0},"end":{"line":84,"column":26}},"84":{"start":{"line":85,"column":0},"end":{"line":85,"column":41}},"85":{"start":{"line":86,"column":0},"end":{"line":86,"column":6}},"86":{"start":{"line":87,"column":0},"end":{"line":87,"column":0}},"87":{"start":{"line":88,"column":0},"end":{"line":88,"column":90}},"88":{"start":{"line":89,"column":0},"end":{"line":89,"column":15}},"89":{"start":{"line":90,"column":0},"end":{"line":90,"column":97}},"90":{"start":{"line":91,"column":0},"end":{"line":91,"column":3}},"91":{"start":{"line":92,"column":0},"end":{"line":92,"column":1}}},"s":{"0":1,"1":1,"2":1,"3":1,"4":1,"5":5,"6":5,"7":5,"8":5,"9":5,"10":5,"11":5,"12":5,"13":5,"14":5,"15":5,"16":5,"17":5,"18":5,"19":5,"20":0,"21":0,"22":0,"23":5,"24":5,"25":5,"26":5,"27":4,"28":4,"29":4,"30":4,"31":4,"32":4,"33":4,"34":4,"35":0,"36":0,"37":4,"38":5,"39":5,"40":5,"41":5,"42":0,"43":0,"44":0,"45":0,"46":0,"47":0,"48":0,"49":0,"50":5,"51":5,"52":5,"53":5,"54":5,"55":0,"56":0,"57":5,"58":5,"59":5,"60":5,"61":5,"62":5,"63":4,"64":4,"65":5,"66":5,"67":5,"68":5,"69":5,"70":5,"71":5,"72":5,"73":5,"74":5,"75":0,"76":0,"77":5,"78":5,"79":5,"80":5,"81":5,"82":5,"83":5,"84":5,"85":5,"86":5,"87":5,"88":5,"89":0,"90":0,"91":5},"branchMap":{"0":{"type":"branch","line":6,"loc":{"start":{"line":6,"column":0},"end":{"line":92,"column":1}},"locations":[{"start":{"line":6,"column":0},"end":{"line":92,"column":1}}]},"1":{"type":"branch","line":17,"loc":{"start":{"line":17,"column":45},"end":{"line":17,"column":63}},"locations":[{"start":{"line":17,"column":45},"end":{"line":17,"column":63}}]},"2":{"type":"branch","line":20,"loc":{"start":{"line":20,"column":17},"end":{"line":23,"column":3}},"locations":[{"start":{"line":20,"column":17},"end":{"line":23,"column":3}}]},"3":{"type":"branch","line":27,"loc":{"start":{"line":27,"column":22},"end":{"line":38,"column":3}},"locations":[{"start":{"line":27,"column":22},"end":{"line":38,"column":3}}]},"4":{"type":"branch","line":35,"loc":{"start":{"line":35,"column":4},"end":{"line":37,"column":5}},"locations":[{"start":{"line":35,"column":4},"end":{"line":37,"column":5}}]},"5":{"type":"branch","line":42,"loc":{"start":{"line":42,"column":17},"end":{"line":50,"column":3}},"locations":[{"start":{"line":42,"column":17},"end":{"line":50,"column":3}}]},"6":{"type":"branch","line":55,"loc":{"start":{"line":55,"column":2},"end":{"line":57,"column":3}},"locations":[{"start":{"line":55,"column":2},"end":{"line":57,"column":3}}]},"7":{"type":"branch","line":63,"loc":{"start":{"line":63,"column":20},"end":{"line":65,"column":3}},"locations":[{"start":{"line":63,"column":20},"end":{"line":65,"column":3}}]},"8":{"type":"branch","line":75,"loc":{"start":{"line":75,"column":4},"end":{"line":77,"column":5}},"locations":[{"start":{"line":75,"column":4},"end":{"line":77,"column":5}}]},"9":{"type":"branch","line":89,"loc":{"start":{"line":89,"column":2},"end":{"line":91,"column":3}},"locations":[{"start":{"line":89,"column":2},"end":{"line":91,"column":3}}]}},"b":{"0":[5],"1":[0],"2":[0],"3":[4],"4":[0],"5":[0],"6":[0],"7":[4],"8":[0],"9":[0]},"fnMap":{"0":{"name":"handlePRMerged","decl":{"start":{"line":6,"column":0},"end":{"line":92,"column":1}},"loc":{"start":{"line":6,"column":0},"end":{"line":92,"column":1}},"line":6}},"f":{"0":5}}
,"C:\\Users\\jenni\\OneDrive\\Documents\\GitHub\\agile-automation-playground\\.github\\scripts\\discord-pr-notifications\\handlers\\handle-pr-opened.ts": {"path":"C:\\Users\\jenni\\OneDrive\\Documents\\GitHub\\agile-automation-playground\\.github\\scripts\\discord-pr-notifications\\handlers\\handle-pr-opened.ts","all":false,"statementMap":{"0":{"start":{"line":1,"column":0},"end":{"line":1,"column":66}},"1":{"start":{"line":2,"column":0},"end":{"line":2,"column":80}},"2":{"start":{"line":3,"column":0},"end":{"line":3,"column":51}},"3":{"start":{"line":4,"column":0},"end":{"line":4,"column":53}},"4":{"start":{"line":5,"column":0},"end":{"line":5,"column":0}},"5":{"start":{"line":6,"column":0},"end":{"line":6,"column":37}},"6":{"start":{"line":7,"column":0},"end":{"line":7,"column":26}},"7":{"start":{"line":8,"column":0},"end":{"line":8,"column":13}},"8":{"start":{"line":9,"column":0},"end":{"line":9,"column":19}},"9":{"start":{"line":10,"column":0},"end":{"line":10,"column":20}},"10":{"start":{"line":11,"column":0},"end":{"line":11,"column":26}},"11":{"start":{"line":12,"column":0},"end":{"line":12,"column":18}},"12":{"start":{"line":13,"column":0},"end":{"line":13,"column":42}},"13":{"start":{"line":14,"column":0},"end":{"line":14,"column":27}},"14":{"start":{"line":15,"column":0},"end":{"line":15,"column":29}},"15":{"start":{"line":16,"column":0},"end":{"line":16,"column":27}},"16":{"start":{"line":17,"column":0},"end":{"line":17,"column":28}},"17":{"start":{"line":18,"column":0},"end":{"line":18,"column":31}},"18":{"start":{"line":19,"column":0},"end":{"line":19,"column":33}},"19":{"start":{"line":20,"column":0},"end":{"line":20,"column":33}},"20":{"start":{"line":21,"column":0},"end":{"line":21,"column":38}},"21":{"start":{"line":22,"column":0},"end":{"line":22,"column":0}},"22":{"start":{"line":23,"column":0},"end":{"line":23,"column":50}},"23":{"start":{"line":24,"column":0},"end":{"line":24,"column":49}},"24":{"start":{"line":25,"column":0},"end":{"line":25,"column":55}},"25":{"start":{"line":26,"column":0},"end":{"line":26,"column":0}},"26":{"start":{"line":27,"column":0},"end":{"line":27,"column":32}},"27":{"start":{"line":28,"column":0},"end":{"line":28,"column":83}},"28":{"start":{"line":29,"column":0},"end":{"line":29,"column":11}},"29":{"start":{"line":30,"column":0},"end":{"line":30,"column":3}},"30":{"start":{"line":31,"column":0},"end":{"line":31,"column":0}},"31":{"start":{"line":32,"column":0},"end":{"line":32,"column":27}},"32":{"start":{"line":33,"column":0},"end":{"line":33,"column":34}},"33":{"start":{"line":34,"column":0},"end":{"line":34,"column":13}},"34":{"start":{"line":35,"column":0},"end":{"line":35,"column":12}},"35":{"start":{"line":36,"column":0},"end":{"line":36,"column":10}},"36":{"start":{"line":37,"column":0},"end":{"line":37,"column":15}},"37":{"start":{"line":38,"column":0},"end":{"line":38,"column":15}},"38":{"start":{"line":39,"column":0},"end":{"line":39,"column":11}},"39":{"start":{"line":40,"column":0},"end":{"line":40,"column":18}},"40":{"start":{"line":41,"column":0},"end":{"line":41,"column":19}},"41":{"start":{"line":42,"column":0},"end":{"line":42,"column":12}},"42":{"start":{"line":43,"column":0},"end":{"line":43,"column":16}},"43":{"start":{"line":44,"column":0},"end":{"line":44,"column":5}},"44":{"start":{"line":45,"column":0},"end":{"line":45,"column":0}},"45":{"start":{"line":46,"column":0},"end":{"line":46,"column":70}},"46":{"start":{"line":47,"column":0},"end":{"line":47,"column":42}},"47":{"start":{"line":48,"column":0},"end":{"line":48,"column":0}},"48":{"start":{"line":49,"column":0},"end":{"line":49,"column":18}},"49":{"start":{"line":50,"column":0},"end":{"line":50,"column":98}},"50":{"start":{"line":51,"column":0},"end":{"line":51,"column":7}},"51":{"start":{"line":52,"column":0},"end":{"line":52,"column":93}},"52":{"start":{"line":53,"column":0},"end":{"line":53,"column":21}},"53":{"start":{"line":54,"column":0},"end":{"line":54,"column":37}},"54":{"start":{"line":55,"column":0},"end":{"line":55,"column":0}},"55":{"start":{"line":56,"column":0},"end":{"line":56,"column":28}},"56":{"start":{"line":57,"column":0},"end":{"line":57,"column":167}},"57":{"start":{"line":58,"column":0},"end":{"line":58,"column":0}},"58":{"start":{"line":59,"column":0},"end":{"line":59,"column":37}},"59":{"start":{"line":60,"column":0},"end":{"line":60,"column":24}},"60":{"start":{"line":61,"column":0},"end":{"line":61,"column":37}},"61":{"start":{"line":62,"column":0},"end":{"line":62,"column":28}},"62":{"start":{"line":63,"column":0},"end":{"line":63,"column":30}},"63":{"start":{"line":64,"column":0},"end":{"line":64,"column":8}},"64":{"start":{"line":65,"column":0},"end":{"line":65,"column":0}},"65":{"start":{"line":66,"column":0},"end":{"line":66,"column":58}},"66":{"start":{"line":67,"column":0},"end":{"line":67,"column":5}},"67":{"start":{"line":68,"column":0},"end":{"line":68,"column":15}},"68":{"start":{"line":69,"column":0},"end":{"line":69,"column":91}},"69":{"start":{"line":70,"column":0},"end":{"line":70,"column":3}},"70":{"start":{"line":71,"column":0},"end":{"line":71,"column":1}}},"s":{"0":1,"1":1,"2":1,"3":1,"4":1,"5":17,"6":17,"7":17,"8":17,"9":17,"10":17,"11":17,"12":17,"13":17,"14":17,"15":17,"16":17,"17":17,"18":17,"19":17,"20":17,"21":17,"22":17,"23":17,"24":17,"25":17,"26":17,"27":2,"28":2,"29":2,"30":15,"31":15,"32":15,"33":15,"34":15,"35":15,"36":15,"37":15,"38":15,"39":15,"40":15,"41":15,"42":15,"43":15,"44":15,"45":15,"46":15,"47":15,"48":15,"49":15,"50":15,"51":15,"52":13,"53":13,"54":13,"55":13,"56":13,"57":13,"58":13,"59":13,"60":13,"61":13,"62":13,"63":13,"64":13,"65":13,"66":13,"67":17,"68":2,"69":2,"70":17},"branchMap":{"0":{"type":"branch","line":6,"loc":{"start":{"line":6,"column":0},"end":{"line":71,"column":1}},"locations":[{"start":{"line":6,"column":0},"end":{"line":71,"column":1}}]},"1":{"type":"branch","line":21,"loc":{"start":{"line":21,"column":27},"end":{"line":21,"column":38}},"locations":[{"start":{"line":21,"column":27},"end":{"line":21,"column":38}}]},"2":{"type":"branch","line":24,"loc":{"start":{"line":24,"column":23},"end":{"line":24,"column":49}},"locations":[{"start":{"line":24,"column":23},"end":{"line":24,"column":49}}]},"3":{"type":"branch","line":27,"loc":{"start":{"line":27,"column":7},"end":{"line":27,"column":31}},"locations":[{"start":{"line":27,"column":7},"end":{"line":27,"column":31}}]},"4":{"type":"branch","line":27,"loc":{"start":{"line":27,"column":31},"end":{"line":30,"column":3}},"locations":[{"start":{"line":27,"column":31},"end":{"line":30,"column":3}}]},"5":{"type":"branch","line":30,"loc":{"start":{"line":30,"column":2},"end":{"line":52,"column":93}},"locations":[{"start":{"line":30,"column":2},"end":{"line":52,"column":93}}]},"6":{"type":"branch","line":52,"loc":{"start":{"line":52,"column":91},"end":{"line":67,"column":5}},"locations":[{"start":{"line":52,"column":91},"end":{"line":67,"column":5}}]},"7":{"type":"branch","line":68,"loc":{"start":{"line":68,"column":2},"end":{"line":70,"column":3}},"locations":[{"start":{"line":68,"column":2},"end":{"line":70,"column":3}}]},"8":{"type":"branch","line":69,"loc":{"start":{"line":69,"column":68},"end":{"line":69,"column":87}},"locations":[{"start":{"line":69,"column":68},"end":{"line":69,"column":87}}]},"9":{"type":"branch","line":25,"loc":{"start":{"line":25,"column":39},"end":{"line":25,"column":53}},"locations":[{"start":{"line":25,"column":39},"end":{"line":25,"column":53}}]}},"b":{"0":[17],"1":[12],"2":[0],"3":[16],"4":[2],"5":[15],"6":[13],"7":[2],"8":[0],"9":[24]},"fnMap":{"0":{"name":"handlePROpened","decl":{"start":{"line":6,"column":0},"end":{"line":71,"column":1}},"loc":{"start":{"line":6,"column":0},"end":{"line":71,"column":1}},"line":6}},"f":{"0":17}}
,"C:\\Users\\jenni\\OneDrive\\Documents\\GitHub\\agile-automation-playground\\.github\\scripts\\discord-pr-notifications\\handlers\\handle-pr-ready-for-review.ts": {"path":"C:\\Users\\jenni\\OneDrive\\Documents\\GitHub\\agile-automation-playground\\.github\\scripts\\discord-pr-notifications\\handlers\\handle-pr-ready-for-review.ts","all":false,"statementMap":{"0":{"start":{"line":1,"column":0},"end":{"line":1,"column":66}},"1":{"start":{"line":2,"column":0},"end":{"line":2,"column":78}},"2":{"start":{"line":3,"column":0},"end":{"line":3,"column":80}},"3":{"start":{"line":4,"column":0},"end":{"line":4,"column":56}},"4":{"start":{"line":5,"column":0},"end":{"line":5,"column":0}},"5":{"start":{"line":6,"column":0},"end":{"line":6,"column":45}},"6":{"start":{"line":7,"column":0},"end":{"line":7,"column":26}},"7":{"start":{"line":8,"column":0},"end":{"line":8,"column":13}},"8":{"start":{"line":9,"column":0},"end":{"line":9,"column":19}},"9":{"start":{"line":10,"column":0},"end":{"line":10,"column":27}},"10":{"start":{"line":11,"column":0},"end":{"line":11,"column":18}},"11":{"start":{"line":12,"column":0},"end":{"line":12,"column":42}},"12":{"start":{"line":13,"column":0},"end":{"line":13,"column":29}},"13":{"start":{"line":14,"column":0},"end":{"line":14,"column":0}},"14":{"start":{"line":15,"column":0},"end":{"line":15,"column":18}},"15":{"start":{"line":16,"column":0},"end":{"line":16,"column":59}},"16":{"start":{"line":17,"column":0},"end":{"line":17,"column":11}},"17":{"start":{"line":18,"column":0},"end":{"line":18,"column":3}},"18":{"start":{"line":19,"column":0},"end":{"line":19,"column":0}},"19":{"start":{"line":20,"column":0},"end":{"line":20,"column":62}},"20":{"start":{"line":21,"column":0},"end":{"line":21,"column":0}},"21":{"start":{"line":22,"column":0},"end":{"line":22,"column":41}},"22":{"start":{"line":23,"column":0},"end":{"line":23,"column":67}},"23":{"start":{"line":24,"column":0},"end":{"line":24,"column":9}},"24":{"start":{"line":25,"column":0},"end":{"line":25,"column":58}},"25":{"start":{"line":26,"column":0},"end":{"line":26,"column":17}},"26":{"start":{"line":27,"column":0},"end":{"line":27,"column":93}},"27":{"start":{"line":28,"column":0},"end":{"line":28,"column":5}},"28":{"start":{"line":29,"column":0},"end":{"line":29,"column":11}},"29":{"start":{"line":30,"column":0},"end":{"line":30,"column":3}},"30":{"start":{"line":31,"column":0},"end":{"line":31,"column":0}},"31":{"start":{"line":32,"column":0},"end":{"line":32,"column":44}},"32":{"start":{"line":33,"column":0},"end":{"line":33,"column":7}},"33":{"start":{"line":34,"column":0},"end":{"line":34,"column":93}},"34":{"start":{"line":35,"column":0},"end":{"line":35,"column":45}},"35":{"start":{"line":36,"column":0},"end":{"line":36,"column":26}},"36":{"start":{"line":37,"column":0},"end":{"line":37,"column":31}},"37":{"start":{"line":38,"column":0},"end":{"line":38,"column":6}},"38":{"start":{"line":39,"column":0},"end":{"line":39,"column":0}},"39":{"start":{"line":40,"column":0},"end":{"line":40,"column":90}},"40":{"start":{"line":41,"column":0},"end":{"line":41,"column":15}},"41":{"start":{"line":42,"column":0},"end":{"line":42,"column":97}},"42":{"start":{"line":43,"column":0},"end":{"line":43,"column":3}},"43":{"start":{"line":44,"column":0},"end":{"line":44,"column":0}},"44":{"start":{"line":45,"column":0},"end":{"line":45,"column":19}},"45":{"start":{"line":46,"column":0},"end":{"line":46,"column":99}},"46":{"start":{"line":47,"column":0},"end":{"line":47,"column":1}}},"s":{"0":1,"1":1,"2":1,"3":1,"4":1,"5":9,"6":9,"7":9,"8":9,"9":9,"10":9,"11":9,"12":9,"13":9,"14":9,"15":1,"16":1,"17":1,"18":8,"19":8,"20":7,"21":9,"22":2,"23":2,"24":2,"25":2,"26":0,"27":0,"28":2,"29":2,"30":5,"31":5,"32":5,"33":5,"34":4,"35":4,"36":4,"37":4,"38":4,"39":4,"40":6,"41":3,"42":3,"43":5,"44":5,"45":5,"46":5},"branchMap":{"0":{"type":"branch","line":6,"loc":{"start":{"line":6,"column":0},"end":{"line":47,"column":1}},"locations":[{"start":{"line":6,"column":0},"end":{"line":47,"column":1}}]},"1":{"type":"branch","line":15,"loc":{"start":{"line":15,"column":17},"end":{"line":18,"column":3}},"locations":[{"start":{"line":15,"column":17},"end":{"line":18,"column":3}}]},"2":{"type":"branch","line":18,"loc":{"start":{"line":18,"column":2},"end":{"line":22,"column":19}},"locations":[{"start":{"line":18,"column":2},"end":{"line":22,"column":19}}]},"3":{"type":"branch","line":20,"loc":{"start":{"line":20,"column":60},"end":{"line":22,"column":19}},"locations":[{"start":{"line":20,"column":60},"end":{"line":22,"column":19}}]},"4":{"type":"branch","line":22,"loc":{"start":{"line":22,"column":7},"end":{"line":22,"column":40}},"locations":[{"start":{"line":22,"column":7},"end":{"line":22,"column":40}}]},"5":{"type":"branch","line":22,"loc":{"start":{"line":22,"column":40},"end":{"line":30,"column":3}},"locations":[{"start":{"line":22,"column":40},"end":{"line":30,"column":3}}]},"6":{"type":"branch","line":26,"loc":{"start":{"line":26,"column":4},"end":{"line":28,"column":5}},"locations":[{"start":{"line":26,"column":4},"end":{"line":28,"column":5}}]},"7":{"type":"branch","line":30,"loc":{"start":{"line":30,"column":2},"end":{"line":40,"column":90}},"locations":[{"start":{"line":30,"column":2},"end":{"line":40,"column":90}}]},"8":{"type":"branch","line":30,"loc":{"start":{"line":30,"column":2},"end":{"line":34,"column":93}},"locations":[{"start":{"line":30,"column":2},"end":{"line":34,"column":93}}]},"9":{"type":"branch","line":34,"loc":{"start":{"line":34,"column":91},"end":{"line":40,"column":90}},"locations":[{"start":{"line":34,"column":91},"end":{"line":40,"column":90}}]},"10":{"type":"branch","line":40,"loc":{"start":{"line":40,"column":88},"end":{"line":43,"column":3}},"locations":[{"start":{"line":40,"column":88},"end":{"line":43,"column":3}}]},"11":{"type":"branch","line":40,"loc":{"start":{"line":40,"column":88},"end":{"line":41,"column":11}},"locations":[{"start":{"line":40,"column":88},"end":{"line":41,"column":11}}]},"12":{"type":"branch","line":41,"loc":{"start":{"line":41,"column":2},"end":{"line":43,"column":3}},"locations":[{"start":{"line":41,"column":2},"end":{"line":43,"column":3}}]},"13":{"type":"branch","line":42,"loc":{"start":{"line":42,"column":74},"end":{"line":42,"column":93}},"locations":[{"start":{"line":42,"column":74},"end":{"line":42,"column":93}}]},"14":{"type":"branch","line":43,"loc":{"start":{"line":43,"column":2},"end":{"line":47,"column":1}},"locations":[{"start":{"line":43,"column":2},"end":{"line":47,"column":1}}]}},"b":{"0":[9],"1":[1],"2":[8],"3":[7],"4":[5],"5":[2],"6":[0],"7":[7],"8":[5],"9":[4],"10":[6],"11":[2],"12":[3],"13":[0],"14":[5]},"fnMap":{"0":{"name":"handlePRReadyForReview","decl":{"start":{"line":6,"column":0},"end":{"line":47,"column":1}},"loc":{"start":{"line":6,"column":0},"end":{"line":47,"column":1}},"line":6}},"f":{"0":9}}
,"C:\\Users\\jenni\\OneDrive\\Documents\\GitHub\\agile-automation-playground\\.github\\scripts\\discord-pr-notifications\\handlers\\handle-pr-review.ts": {"path":"C:\\Users\\jenni\\OneDrive\\Documents\\GitHub\\agile-automation-playground\\.github\\scripts\\discord-pr-notifications\\handlers\\handle-pr-review.ts","all":false,"statementMap":{"0":{"start":{"line":1,"column":0},"end":{"line":1,"column":66}},"1":{"start":{"line":2,"column":0},"end":{"line":2,"column":119}},"2":{"start":{"line":3,"column":0},"end":{"line":3,"column":98}},"3":{"start":{"line":4,"column":0},"end":{"line":4,"column":51}},"4":{"start":{"line":5,"column":0},"end":{"line":5,"column":0}},"5":{"start":{"line":6,"column":0},"end":{"line":6,"column":37}},"6":{"start":{"line":7,"column":0},"end":{"line":7,"column":26}},"7":{"start":{"line":8,"column":0},"end":{"line":8,"column":13}},"8":{"start":{"line":9,"column":0},"end":{"line":9,"column":19}},"9":{"start":{"line":10,"column":0},"end":{"line":10,"column":26}},"10":{"start":{"line":11,"column":0},"end":{"line":11,"column":18}},"11":{"start":{"line":12,"column":0},"end":{"line":12,"column":42}},"12":{"start":{"line":13,"column":0},"end":{"line":13,"column":40}},"13":{"start":{"line":14,"column":0},"end":{"line":14,"column":16}},"14":{"start":{"line":15,"column":0},"end":{"line":15,"column":47}},"15":{"start":{"line":16,"column":0},"end":{"line":16,"column":11}},"16":{"start":{"line":17,"column":0},"end":{"line":17,"column":3}},"17":{"start":{"line":18,"column":0},"end":{"line":18,"column":0}},"18":{"start":{"line":19,"column":0},"end":{"line":19,"column":29}},"19":{"start":{"line":20,"column":0},"end":{"line":20,"column":31}},"20":{"start":{"line":21,"column":0},"end":{"line":21,"column":37}},"21":{"start":{"line":22,"column":0},"end":{"line":22,"column":86}},"22":{"start":{"line":23,"column":0},"end":{"line":23,"column":0}},"23":{"start":{"line":24,"column":0},"end":{"line":24,"column":80}},"24":{"start":{"line":25,"column":0},"end":{"line":25,"column":37}},"25":{"start":{"line":26,"column":0},"end":{"line":26,"column":0}},"26":{"start":{"line":27,"column":0},"end":{"line":27,"column":66}},"27":{"start":{"line":28,"column":0},"end":{"line":28,"column":48}},"28":{"start":{"line":29,"column":0},"end":{"line":29,"column":9}},"29":{"start":{"line":30,"column":0},"end":{"line":30,"column":72}},"30":{"start":{"line":31,"column":0},"end":{"line":31,"column":17}},"31":{"start":{"line":32,"column":0},"end":{"line":32,"column":100}},"32":{"start":{"line":33,"column":0},"end":{"line":33,"column":22}},"33":{"start":{"line":34,"column":0},"end":{"line":34,"column":5}},"34":{"start":{"line":35,"column":0},"end":{"line":35,"column":3}},"35":{"start":{"line":36,"column":0},"end":{"line":36,"column":0}},"36":{"start":{"line":37,"column":0},"end":{"line":37,"column":68}},"37":{"start":{"line":38,"column":0},"end":{"line":38,"column":36}},"38":{"start":{"line":39,"column":0},"end":{"line":39,"column":53}},"39":{"start":{"line":40,"column":0},"end":{"line":40,"column":11}},"40":{"start":{"line":41,"column":0},"end":{"line":41,"column":3}},"41":{"start":{"line":42,"column":0},"end":{"line":42,"column":0}},"42":{"start":{"line":43,"column":0},"end":{"line":43,"column":18}},"43":{"start":{"line":44,"column":0},"end":{"line":44,"column":59}},"44":{"start":{"line":45,"column":0},"end":{"line":45,"column":11}},"45":{"start":{"line":46,"column":0},"end":{"line":46,"column":3}},"46":{"start":{"line":47,"column":0},"end":{"line":47,"column":0}},"47":{"start":{"line":48,"column":0},"end":{"line":48,"column":62}},"48":{"start":{"line":49,"column":0},"end":{"line":49,"column":0}},"49":{"start":{"line":50,"column":0},"end":{"line":50,"column":18}},"50":{"start":{"line":51,"column":0},"end":{"line":51,"column":69}},"51":{"start":{"line":52,"column":0},"end":{"line":52,"column":9}},"52":{"start":{"line":53,"column":0},"end":{"line":53,"column":58}},"53":{"start":{"line":54,"column":0},"end":{"line":54,"column":17}},"54":{"start":{"line":55,"column":0},"end":{"line":55,"column":93}},"55":{"start":{"line":56,"column":0},"end":{"line":56,"column":5}},"56":{"start":{"line":57,"column":0},"end":{"line":57,"column":11}},"57":{"start":{"line":58,"column":0},"end":{"line":58,"column":3}},"58":{"start":{"line":59,"column":0},"end":{"line":59,"column":0}},"59":{"start":{"line":60,"column":0},"end":{"line":60,"column":58}},"60":{"start":{"line":61,"column":0},"end":{"line":61,"column":17}},"61":{"start":{"line":62,"column":0},"end":{"line":62,"column":35}},"62":{"start":{"line":63,"column":0},"end":{"line":63,"column":16}},"63":{"start":{"line":64,"column":0},"end":{"line":64,"column":51}},"64":{"start":{"line":65,"column":0},"end":{"line":65,"column":16}},"65":{"start":{"line":66,"column":0},"end":{"line":66,"column":3}},"66":{"start":{"line":67,"column":0},"end":{"line":67,"column":0}},"67":{"start":{"line":68,"column":0},"end":{"line":68,"column":73}},"68":{"start":{"line":69,"column":0},"end":{"line":69,"column":14}},"69":{"start":{"line":70,"column":0},"end":{"line":70,"column":42}},"70":{"start":{"line":71,"column":0},"end":{"line":71,"column":37}},"71":{"start":{"line":72,"column":0},"end":{"line":72,"column":28}},"72":{"start":{"line":73,"column":0},"end":{"line":73,"column":11}},"73":{"start":{"line":74,"column":0},"end":{"line":74,"column":86}},"74":{"start":{"line":75,"column":0},"end":{"line":75,"column":19}},"75":{"start":{"line":76,"column":0},"end":{"line":76,"column":48}},"76":{"start":{"line":77,"column":0},"end":{"line":77,"column":7}},"77":{"start":{"line":78,"column":0},"end":{"line":78,"column":53}},"78":{"start":{"line":79,"column":0},"end":{"line":79,"column":28}},"79":{"start":{"line":80,"column":0},"end":{"line":80,"column":11}},"80":{"start":{"line":81,"column":0},"end":{"line":81,"column":86}},"81":{"start":{"line":82,"column":0},"end":{"line":82,"column":19}},"82":{"start":{"line":83,"column":0},"end":{"line":83,"column":48}},"83":{"start":{"line":84,"column":0},"end":{"line":84,"column":7}},"84":{"start":{"line":85,"column":0},"end":{"line":85,"column":5}},"85":{"start":{"line":86,"column":0},"end":{"line":86,"column":0}},"86":{"start":{"line":87,"column":0},"end":{"line":87,"column":23}},"87":{"start":{"line":88,"column":0},"end":{"line":88,"column":81}},"88":{"start":{"line":89,"column":0},"end":{"line":89,"column":3}},"89":{"start":{"line":90,"column":0},"end":{"line":90,"column":0}},"90":{"start":{"line":91,"column":0},"end":{"line":91,"column":36}},"91":{"start":{"line":92,"column":0},"end":{"line":92,"column":62}},"92":{"start":{"line":93,"column":0},"end":{"line":93,"column":58}},"93":{"start":{"line":94,"column":0},"end":{"line":94,"column":0}},"94":{"start":{"line":95,"column":0},"end":{"line":95,"column":69}},"95":{"start":{"line":96,"column":0},"end":{"line":96,"column":67}},"96":{"start":{"line":97,"column":0},"end":{"line":97,"column":0}},"97":{"start":{"line":98,"column":0},"end":{"line":98,"column":25}},"98":{"start":{"line":99,"column":0},"end":{"line":99,"column":35}},"99":{"start":{"line":100,"column":0},"end":{"line":100,"column":101}},"100":{"start":{"line":101,"column":0},"end":{"line":101,"column":49}},"101":{"start":{"line":102,"column":0},"end":{"line":102,"column":68}},"102":{"start":{"line":103,"column":0},"end":{"line":103,"column":5}},"103":{"start":{"line":104,"column":0},"end":{"line":104,"column":80}},"104":{"start":{"line":105,"column":0},"end":{"line":105,"column":51}},"105":{"start":{"line":106,"column":0},"end":{"line":106,"column":102}},"106":{"start":{"line":107,"column":0},"end":{"line":107,"column":49}},"107":{"start":{"line":108,"column":0},"end":{"line":108,"column":68}},"108":{"start":{"line":109,"column":0},"end":{"line":109,"column":5}},"109":{"start":{"line":110,"column":0},"end":{"line":110,"column":68}},"110":{"start":{"line":111,"column":0},"end":{"line":111,"column":3}},"111":{"start":{"line":112,"column":0},"end":{"line":112,"column":0}},"112":{"start":{"line":113,"column":0},"end":{"line":113,"column":19}},"113":{"start":{"line":114,"column":0},"end":{"line":114,"column":27}},"114":{"start":{"line":115,"column":0},"end":{"line":115,"column":73}},"115":{"start":{"line":116,"column":0},"end":{"line":116,"column":0}},"116":{"start":{"line":117,"column":0},"end":{"line":117,"column":30}},"117":{"start":{"line":118,"column":0},"end":{"line":118,"column":37}},"118":{"start":{"line":119,"column":0},"end":{"line":119,"column":11}},"119":{"start":{"line":120,"column":0},"end":{"line":120,"column":61}},"120":{"start":{"line":121,"column":0},"end":{"line":121,"column":19}},"121":{"start":{"line":122,"column":0},"end":{"line":122,"column":93}},"122":{"start":{"line":123,"column":0},"end":{"line":123,"column":7}},"123":{"start":{"line":124,"column":0},"end":{"line":124,"column":5}},"124":{"start":{"line":125,"column":0},"end":{"line":125,"column":3}},"125":{"start":{"line":126,"column":0},"end":{"line":126,"column":0}},"126":{"start":{"line":127,"column":0},"end":{"line":127,"column":45}},"127":{"start":{"line":128,"column":0},"end":{"line":128,"column":7}},"128":{"start":{"line":129,"column":0},"end":{"line":129,"column":93}},"129":{"start":{"line":130,"column":0},"end":{"line":130,"column":38}},"130":{"start":{"line":131,"column":0},"end":{"line":131,"column":0}},"131":{"start":{"line":132,"column":0},"end":{"line":132,"column":88}},"132":{"start":{"line":133,"column":0},"end":{"line":133,"column":38}},"133":{"start":{"line":134,"column":0},"end":{"line":134,"column":32}},"134":{"start":{"line":135,"column":0},"end":{"line":135,"column":32}},"135":{"start":{"line":136,"column":0},"end":{"line":136,"column":0}},"136":{"start":{"line":137,"column":0},"end":{"line":137,"column":44}},"137":{"start":{"line":138,"column":0},"end":{"line":138,"column":28}},"138":{"start":{"line":139,"column":0},"end":{"line":139,"column":0}},"139":{"start":{"line":140,"column":0},"end":{"line":140,"column":36}},"140":{"start":{"line":141,"column":0},"end":{"line":141,"column":43}},"141":{"start":{"line":142,"column":0},"end":{"line":142,"column":41}},"142":{"start":{"line":143,"column":0},"end":{"line":143,"column":89}},"143":{"start":{"line":144,"column":0},"end":{"line":144,"column":57}},"144":{"start":{"line":145,"column":0},"end":{"line":145,"column":87}},"145":{"start":{"line":146,"column":0},"end":{"line":146,"column":16}},"146":{"start":{"line":147,"column":0},"end":{"line":147,"column":64}},"147":{"start":{"line":148,"column":0},"end":{"line":148,"column":9}},"148":{"start":{"line":149,"column":0},"end":{"line":149,"column":31}},"149":{"start":{"line":150,"column":0},"end":{"line":150,"column":14}},"150":{"start":{"line":151,"column":0},"end":{"line":151,"column":28}},"151":{"start":{"line":152,"column":0},"end":{"line":152,"column":7}},"152":{"start":{"line":153,"column":0},"end":{"line":153,"column":5}},"153":{"start":{"line":154,"column":0},"end":{"line":154,"column":0}},"154":{"start":{"line":155,"column":0},"end":{"line":155,"column":58}},"155":{"start":{"line":156,"column":0},"end":{"line":156,"column":27}},"156":{"start":{"line":157,"column":0},"end":{"line":157,"column":48}},"157":{"start":{"line":158,"column":0},"end":{"line":158,"column":96}},"158":{"start":{"line":159,"column":0},"end":{"line":159,"column":8}},"159":{"start":{"line":160,"column":0},"end":{"line":160,"column":32}},"160":{"start":{"line":161,"column":0},"end":{"line":161,"column":24}},"161":{"start":{"line":162,"column":0},"end":{"line":162,"column":29}},"162":{"start":{"line":163,"column":0},"end":{"line":163,"column":12}},"163":{"start":{"line":164,"column":0},"end":{"line":164,"column":36}},"164":{"start":{"line":165,"column":0},"end":{"line":165,"column":77}},"165":{"start":{"line":166,"column":0},"end":{"line":166,"column":75}},"166":{"start":{"line":167,"column":0},"end":{"line":167,"column":10}},"167":{"start":{"line":168,"column":0},"end":{"line":168,"column":14}},"168":{"start":{"line":169,"column":0},"end":{"line":169,"column":22}},"169":{"start":{"line":170,"column":0},"end":{"line":170,"column":36}},"170":{"start":{"line":171,"column":0},"end":{"line":171,"column":77}},"171":{"start":{"line":172,"column":0},"end":{"line":172,"column":75}},"172":{"start":{"line":173,"column":0},"end":{"line":173,"column":10}},"173":{"start":{"line":174,"column":0},"end":{"line":174,"column":7}},"174":{"start":{"line":175,"column":0},"end":{"line":175,"column":5}},"175":{"start":{"line":176,"column":0},"end":{"line":176,"column":0}},"176":{"start":{"line":177,"column":0},"end":{"line":177,"column":34}},"177":{"start":{"line":178,"column":0},"end":{"line":178,"column":0}},"178":{"start":{"line":179,"column":0},"end":{"line":179,"column":83}},"179":{"start":{"line":180,"column":0},"end":{"line":180,"column":15}},"180":{"start":{"line":181,"column":0},"end":{"line":181,"column":97}},"181":{"start":{"line":182,"column":0},"end":{"line":182,"column":3}},"182":{"start":{"line":183,"column":0},"end":{"line":183,"column":1}}},"s":{"0":1,"1":1,"2":1,"3":1,"4":1,"5":9,"6":9,"7":9,"8":9,"9":9,"10":9,"11":9,"12":9,"13":9,"14":1,"15":1,"16":1,"17":8,"18":8,"19":8,"20":8,"21":8,"22":8,"23":8,"24":9,"25":9,"26":9,"27":9,"28":1,"29":1,"30":1,"31":0,"32":0,"33":0,"34":1,"35":8,"36":8,"37":9,"38":1,"39":1,"40":1,"41":7,"42":9,"43":0,"44":0,"45":0,"46":7,"47":7,"48":7,"49":9,"50":1,"51":1,"52":1,"53":1,"54":0,"55":0,"56":1,"57":1,"58":6,"59":6,"60":6,"61":9,"62":4,"63":8,"64":2,"65":2,"66":6,"67":6,"68":6,"69":6,"70":6,"71":4,"72":4,"73":4,"74":4,"75":0,"76":0,"77":6,"78":2,"79":2,"80":2,"81":2,"82":0,"83":0,"84":2,"85":6,"86":6,"87":6,"88":6,"89":6,"90":6,"91":6,"92":6,"93":6,"94":9,"95":9,"96":9,"97":9,"98":9,"99":4,"100":4,"101":4,"102":4,"103":4,"104":8,"105":2,"106":2,"107":2,"108":2,"109":2,"110":2,"111":6,"112":6,"113":6,"114":6,"115":6,"116":6,"117":6,"118":4,"119":4,"120":4,"121":0,"122":0,"123":4,"124":6,"125":6,"126":6,"127":6,"128":6,"129":6,"130":6,"131":6,"132":6,"133":6,"134":6,"135":6,"136":6,"137":6,"138":6,"139":6,"140":6,"141":6,"142":4,"143":5,"144":2,"145":2,"146":0,"147":0,"148":6,"149":6,"150":0,"151":0,"152":6,"153":6,"154":6,"155":9,"156":0,"157":0,"158":0,"159":0,"160":0,"161":0,"162":0,"163":0,"164":0,"165":0,"166":0,"167":0,"168":0,"169":0,"170":0,"171":0,"172":0,"173":0,"174":0,"175":6,"176":6,"177":6,"178":6,"179":9,"180":0,"181":0,"182":9},"branchMap":{"0":{"type":"branch","line":6,"loc":{"start":{"line":6,"column":0},"end":{"line":183,"column":1}},"locations":[{"start":{"line":6,"column":0},"end":{"line":183,"column":1}}]},"1":{"type":"branch","line":14,"loc":{"start":{"line":14,"column":15},"end":{"line":17,"column":3}},"locations":[{"start":{"line":14,"column":15},"end":{"line":17,"column":3}}]},"2":{"type":"branch","line":17,"loc":{"start":{"line":17,"column":2},"end":{"line":25,"column":34}},"locations":[{"start":{"line":17,"column":2},"end":{"line":25,"column":34}}]},"3":{"type":"branch","line":25,"loc":{"start":{"line":25,"column":26},"end":{"line":25,"column":37}},"locations":[{"start":{"line":25,"column":26},"end":{"line":25,"column":37}}]},"4":{"type":"branch","line":28,"loc":{"start":{"line":28,"column":7},"end":{"line":28,"column":47}},"locations":[{"start":{"line":28,"column":7},"end":{"line":28,"column":47}}]},"5":{"type":"branch","line":28,"loc":{"start":{"line":28,"column":47},"end":{"line":35,"column":3}},"locations":[{"start":{"line":28,"column":47},"end":{"line":35,"column":3}}]},"6":{"type":"branch","line":31,"loc":{"start":{"line":31,"column":4},"end":{"line":34,"column":5}},"locations":[{"start":{"line":31,"column":4},"end":{"line":34,"column":5}}]},"7":{"type":"branch","line":35,"loc":{"start":{"line":35,"column":2},"end":{"line":38,"column":35}},"locations":[{"start":{"line":35,"column":2},"end":{"line":38,"column":35}}]},"8":{"type":"branch","line":38,"loc":{"start":{"line":38,"column":35},"end":{"line":41,"column":3}},"locations":[{"start":{"line":38,"column":35},"end":{"line":41,"column":3}}]},"9":{"type":"branch","line":41,"loc":{"start":{"line":41,"column":2},"end":{"line":43,"column":17}},"locations":[{"start":{"line":41,"column":2},"end":{"line":43,"column":17}}]},"10":{"type":"branch","line":43,"loc":{"start":{"line":43,"column":17},"end":{"line":46,"column":3}},"locations":[{"start":{"line":43,"column":17},"end":{"line":46,"column":3}}]},"11":{"type":"branch","line":46,"loc":{"start":{"line":46,"column":2},"end":{"line":50,"column":17}},"locations":[{"start":{"line":46,"column":2},"end":{"line":50,"column":17}}]},"12":{"type":"branch","line":50,"loc":{"start":{"line":50,"column":17},"end":{"line":58,"column":3}},"locations":[{"start":{"line":50,"column":17},"end":{"line":58,"column":3}}]},"13":{"type":"branch","line":54,"loc":{"start":{"line":54,"column":4},"end":{"line":56,"column":5}},"locations":[{"start":{"line":54,"column":4},"end":{"line":56,"column":5}}]},"14":{"type":"branch","line":58,"loc":{"start":{"line":58,"column":2},"end":{"line":62,"column":34}},"locations":[{"start":{"line":58,"column":2},"end":{"line":62,"column":34}}]},"15":{"type":"branch","line":62,"loc":{"start":{"line":62,"column":34},"end":{"line":66,"column":3}},"locations":[{"start":{"line":62,"column":34},"end":{"line":66,"column":3}}]},"16":{"type":"branch","line":62,"loc":{"start":{"line":62,"column":34},"end":{"line":64,"column":13}},"locations":[{"start":{"line":62,"column":34},"end":{"line":64,"column":13}}]},"17":{"type":"branch","line":64,"loc":{"start":{"line":64,"column":2},"end":{"line":66,"column":3}},"locations":[{"start":{"line":64,"column":2},"end":{"line":66,"column":3}}]},"18":{"type":"branch","line":66,"loc":{"start":{"line":66,"column":2},"end":{"line":95,"column":56}},"locations":[{"start":{"line":66,"column":2},"end":{"line":95,"column":56}}]},"19":{"type":"branch","line":71,"loc":{"start":{"line":71,"column":36},"end":{"line":78,"column":15}},"locations":[{"start":{"line":71,"column":36},"end":{"line":78,"column":15}}]},"20":{"type":"branch","line":75,"loc":{"start":{"line":75,"column":6},"end":{"line":77,"column":7}},"locations":[{"start":{"line":75,"column":6},"end":{"line":77,"column":7}}]},"21":{"type":"branch","line":78,"loc":{"start":{"line":78,"column":4},"end":{"line":85,"column":5}},"locations":[{"start":{"line":78,"column":4},"end":{"line":85,"column":5}}]},"22":{"type":"branch","line":82,"loc":{"start":{"line":82,"column":6},"end":{"line":84,"column":7}},"locations":[{"start":{"line":82,"column":6},"end":{"line":84,"column":7}}]},"23":{"type":"branch","line":95,"loc":{"start":{"line":95,"column":48},"end":{"line":95,"column":65}},"locations":[{"start":{"line":95,"column":48},"end":{"line":95,"column":65}}]},"24":{"type":"branch","line":96,"loc":{"start":{"line":96,"column":40},"end":{"line":96,"column":63}},"locations":[{"start":{"line":96,"column":40},"end":{"line":96,"column":63}}]},"25":{"type":"branch","line":99,"loc":{"start":{"line":99,"column":34},"end":{"line":111,"column":3}},"locations":[{"start":{"line":99,"column":34},"end":{"line":111,"column":3}}]},"26":{"type":"branch","line":99,"loc":{"start":{"line":99,"column":34},"end":{"line":105,"column":13}},"locations":[{"start":{"line":99,"column":34},"end":{"line":105,"column":13}}]},"27":{"type":"branch","line":105,"loc":{"start":{"line":105,"column":2},"end":{"line":111,"column":3}},"locations":[{"start":{"line":105,"column":2},"end":{"line":111,"column":3}}]},"28":{"type":"branch","line":111,"loc":{"start":{"line":111,"column":2},"end":{"line":156,"column":26}},"locations":[{"start":{"line":111,"column":2},"end":{"line":156,"column":26}}]},"29":{"type":"branch","line":118,"loc":{"start":{"line":118,"column":36},"end":{"line":124,"column":5}},"locations":[{"start":{"line":118,"column":36},"end":{"line":124,"column":5}}]},"30":{"type":"branch","line":121,"loc":{"start":{"line":121,"column":6},"end":{"line":123,"column":7}},"locations":[{"start":{"line":121,"column":6},"end":{"line":123,"column":7}}]},"31":{"type":"branch","line":142,"loc":{"start":{"line":142,"column":40},"end":{"line":148,"column":9}},"locations":[{"start":{"line":142,"column":40},"end":{"line":148,"column":9}}]},"32":{"type":"branch","line":142,"loc":{"start":{"line":142,"column":40},"end":{"line":144,"column":19}},"locations":[{"start":{"line":142,"column":40},"end":{"line":144,"column":19}}]},"33":{"type":"branch","line":144,"loc":{"start":{"line":144,"column":8},"end":{"line":148,"column":9}},"locations":[{"start":{"line":144,"column":8},"end":{"line":148,"column":9}}]},"34":{"type":"branch","line":146,"loc":{"start":{"line":146,"column":8},"end":{"line":148,"column":9}},"locations":[{"start":{"line":146,"column":8},"end":{"line":148,"column":9}}]},"35":{"type":"branch","line":150,"loc":{"start":{"line":150,"column":6},"end":{"line":152,"column":7}},"locations":[{"start":{"line":150,"column":6},"end":{"line":152,"column":7}}]},"36":{"type":"branch","line":156,"loc":{"start":{"line":156,"column":26},"end":{"line":175,"column":5}},"locations":[{"start":{"line":156,"column":26},"end":{"line":175,"column":5}}]},"37":{"type":"branch","line":175,"loc":{"start":{"line":175,"column":4},"end":{"line":180,"column":11}},"locations":[{"start":{"line":175,"column":4},"end":{"line":180,"column":11}}]},"38":{"type":"branch","line":180,"loc":{"start":{"line":180,"column":2},"end":{"line":182,"column":3}},"locations":[{"start":{"line":180,"column":2},"end":{"line":182,"column":3}}]}},"b":{"0":[9],"1":[1],"2":[8],"3":[1],"4":[7],"5":[1],"6":[0],"7":[8],"8":[1],"9":[7],"10":[0],"11":[7],"12":[1],"13":[0],"14":[6],"15":[8],"16":[4],"17":[2],"18":[6],"19":[4],"20":[0],"21":[2],"22":[0],"23":[1],"24":[0],"25":[8],"26":[4],"27":[2],"28":[6],"29":[4],"30":[0],"31":[5],"32":[4],"33":[2],"34":[0],"35":[0],"36":[0],"37":[6],"38":[0]},"fnMap":{"0":{"name":"handlePRReview","decl":{"start":{"line":6,"column":0},"end":{"line":183,"column":1}},"loc":{"start":{"line":6,"column":0},"end":{"line":183,"column":1}},"line":6}},"f":{"0":9}}
,"C:\\Users\\jenni\\OneDrive\\Documents\\GitHub\\agile-automation-playground\\.github\\scripts\\discord-pr-notifications\\handlers\\handle-pr-synchronize.ts": {"path":"C:\\Users\\jenni\\OneDrive\\Documents\\GitHub\\agile-automation-playground\\.github\\scripts\\discord-pr-notifications\\handlers\\handle-pr-synchronize.ts","all":false,"statementMap":{"0":{"start":{"line":1,"column":0},"end":{"line":1,"column":66}},"1":{"start":{"line":2,"column":0},"end":{"line":2,"column":90}},"2":{"start":{"line":3,"column":0},"end":{"line":3,"column":98}},"3":{"start":{"line":4,"column":0},"end":{"line":4,"column":51}},"4":{"start":{"line":5,"column":0},"end":{"line":5,"column":0}},"5":{"start":{"line":6,"column":0},"end":{"line":6,"column":42}},"6":{"start":{"line":7,"column":0},"end":{"line":7,"column":26}},"7":{"start":{"line":8,"column":0},"end":{"line":8,"column":13}},"8":{"start":{"line":9,"column":0},"end":{"line":9,"column":19}},"9":{"start":{"line":10,"column":0},"end":{"line":10,"column":26}},"10":{"start":{"line":11,"column":0},"end":{"line":11,"column":18}},"11":{"start":{"line":12,"column":0},"end":{"line":12,"column":42}},"12":{"start":{"line":13,"column":0},"end":{"line":13,"column":29}},"13":{"start":{"line":14,"column":0},"end":{"line":14,"column":0}},"14":{"start":{"line":15,"column":0},"end":{"line":15,"column":18}},"15":{"start":{"line":16,"column":0},"end":{"line":16,"column":59}},"16":{"start":{"line":17,"column":0},"end":{"line":17,"column":11}},"17":{"start":{"line":18,"column":0},"end":{"line":18,"column":3}},"18":{"start":{"line":19,"column":0},"end":{"line":19,"column":0}},"19":{"start":{"line":20,"column":0},"end":{"line":20,"column":62}},"20":{"start":{"line":21,"column":0},"end":{"line":21,"column":0}},"21":{"start":{"line":22,"column":0},"end":{"line":22,"column":41}},"22":{"start":{"line":23,"column":0},"end":{"line":23,"column":67}},"23":{"start":{"line":24,"column":0},"end":{"line":24,"column":9}},"24":{"start":{"line":25,"column":0},"end":{"line":25,"column":58}},"25":{"start":{"line":26,"column":0},"end":{"line":26,"column":17}},"26":{"start":{"line":27,"column":0},"end":{"line":27,"column":93}},"27":{"start":{"line":28,"column":0},"end":{"line":28,"column":5}},"28":{"start":{"line":29,"column":0},"end":{"line":29,"column":11}},"29":{"start":{"line":30,"column":0},"end":{"line":30,"column":3}},"30":{"start":{"line":31,"column":0},"end":{"line":31,"column":0}},"31":{"start":{"line":32,"column":0},"end":{"line":32,"column":67}},"32":{"start":{"line":33,"column":0},"end":{"line":33,"column":7}},"33":{"start":{"line":34,"column":0},"end":{"line":34,"column":93}},"34":{"start":{"line":35,"column":0},"end":{"line":35,"column":40}},"35":{"start":{"line":36,"column":0},"end":{"line":36,"column":0}},"36":{"start":{"line":37,"column":0},"end":{"line":37,"column":36}},"37":{"start":{"line":38,"column":0},"end":{"line":38,"column":83}},"38":{"start":{"line":39,"column":0},"end":{"line":39,"column":0}},"39":{"start":{"line":40,"column":0},"end":{"line":40,"column":21}},"40":{"start":{"line":41,"column":0},"end":{"line":41,"column":30}},"41":{"start":{"line":42,"column":0},"end":{"line":42,"column":56}},"42":{"start":{"line":43,"column":0},"end":{"line":43,"column":65}},"43":{"start":{"line":44,"column":0},"end":{"line":44,"column":0}},"44":{"start":{"line":45,"column":0},"end":{"line":45,"column":39}},"45":{"start":{"line":46,"column":0},"end":{"line":46,"column":11}},"46":{"start":{"line":47,"column":0},"end":{"line":47,"column":62}},"47":{"start":{"line":48,"column":0},"end":{"line":48,"column":19}},"48":{"start":{"line":49,"column":0},"end":{"line":49,"column":95}},"49":{"start":{"line":50,"column":0},"end":{"line":50,"column":7}},"50":{"start":{"line":51,"column":0},"end":{"line":51,"column":0}},"51":{"start":{"line":52,"column":0},"end":{"line":52,"column":37}},"52":{"start":{"line":53,"column":0},"end":{"line":53,"column":40}},"53":{"start":{"line":54,"column":0},"end":{"line":54,"column":44}},"54":{"start":{"line":55,"column":0},"end":{"line":55,"column":45}},"55":{"start":{"line":56,"column":0},"end":{"line":56,"column":55}},"56":{"start":{"line":57,"column":0},"end":{"line":57,"column":9}},"57":{"start":{"line":58,"column":0},"end":{"line":58,"column":20}},"58":{"start":{"line":59,"column":0},"end":{"line":59,"column":9}},"59":{"start":{"line":60,"column":0},"end":{"line":60,"column":0}},"60":{"start":{"line":61,"column":0},"end":{"line":61,"column":49}},"61":{"start":{"line":62,"column":0},"end":{"line":62,"column":0}},"62":{"start":{"line":63,"column":0},"end":{"line":63,"column":92}},"63":{"start":{"line":64,"column":0},"end":{"line":64,"column":0}},"64":{"start":{"line":65,"column":0},"end":{"line":65,"column":43}},"65":{"start":{"line":66,"column":0},"end":{"line":66,"column":41}},"66":{"start":{"line":67,"column":0},"end":{"line":67,"column":110}},"67":{"start":{"line":68,"column":0},"end":{"line":68,"column":32}},"68":{"start":{"line":69,"column":0},"end":{"line":69,"column":19}},"69":{"start":{"line":70,"column":0},"end":{"line":70,"column":29}},"70":{"start":{"line":71,"column":0},"end":{"line":71,"column":102}},"71":{"start":{"line":72,"column":0},"end":{"line":72,"column":10}},"72":{"start":{"line":73,"column":0},"end":{"line":73,"column":14}},"73":{"start":{"line":74,"column":0},"end":{"line":74,"column":32}},"74":{"start":{"line":75,"column":0},"end":{"line":75,"column":19}},"75":{"start":{"line":76,"column":0},"end":{"line":76,"column":29}},"76":{"start":{"line":77,"column":0},"end":{"line":77,"column":87}},"77":{"start":{"line":78,"column":0},"end":{"line":78,"column":10}},"78":{"start":{"line":79,"column":0},"end":{"line":79,"column":7}},"79":{"start":{"line":80,"column":0},"end":{"line":80,"column":0}},"80":{"start":{"line":81,"column":0},"end":{"line":81,"column":27}},"81":{"start":{"line":82,"column":0},"end":{"line":82,"column":41}},"82":{"start":{"line":83,"column":0},"end":{"line":83,"column":13}},"83":{"start":{"line":84,"column":0},"end":{"line":84,"column":71}},"84":{"start":{"line":85,"column":0},"end":{"line":85,"column":21}},"85":{"start":{"line":86,"column":0},"end":{"line":86,"column":102}},"86":{"start":{"line":87,"column":0},"end":{"line":87,"column":9}},"87":{"start":{"line":88,"column":0},"end":{"line":88,"column":7}},"88":{"start":{"line":89,"column":0},"end":{"line":89,"column":5}},"89":{"start":{"line":90,"column":0},"end":{"line":90,"column":15}},"90":{"start":{"line":91,"column":0},"end":{"line":91,"column":99}},"91":{"start":{"line":92,"column":0},"end":{"line":92,"column":3}},"92":{"start":{"line":93,"column":0},"end":{"line":93,"column":1}}},"s":{"0":1,"1":1,"2":1,"3":1,"4":1,"5":4,"6":4,"7":4,"8":4,"9":4,"10":4,"11":4,"12":4,"13":4,"14":4,"15":0,"16":0,"17":0,"18":4,"19":4,"20":4,"21":4,"22":0,"23":0,"24":0,"25":0,"26":0,"27":0,"28":0,"29":0,"30":4,"31":4,"32":4,"33":4,"34":4,"35":4,"36":4,"37":4,"38":4,"39":4,"40":3,"41":3,"42":3,"43":3,"44":3,"45":3,"46":3,"47":3,"48":0,"49":0,"50":3,"51":3,"52":3,"53":3,"54":3,"55":3,"56":3,"57":0,"58":3,"59":3,"60":3,"61":3,"62":3,"63":3,"64":3,"65":3,"66":2,"67":2,"68":2,"69":2,"70":2,"71":2,"72":2,"73":1,"74":1,"75":1,"76":1,"77":1,"78":1,"79":3,"80":3,"81":3,"82":2,"83":2,"84":2,"85":0,"86":0,"87":2,"88":3,"89":4,"90":0,"91":0,"92":4},"branchMap":{"0":{"type":"branch","line":6,"loc":{"start":{"line":6,"column":0},"end":{"line":93,"column":1}},"locations":[{"start":{"line":6,"column":0},"end":{"line":93,"column":1}}]},"1":{"type":"branch","line":15,"loc":{"start":{"line":15,"column":17},"end":{"line":18,"column":3}},"locations":[{"start":{"line":15,"column":17},"end":{"line":18,"column":3}}]},"2":{"type":"branch","line":22,"loc":{"start":{"line":22,"column":40},"end":{"line":30,"column":3}},"locations":[{"start":{"line":22,"column":40},"end":{"line":30,"column":3}}]},"3":{"type":"branch","line":40,"loc":{"start":{"line":40,"column":20},"end":{"line":89,"column":5}},"locations":[{"start":{"line":40,"column":20},"end":{"line":89,"column":5}}]},"4":{"type":"branch","line":42,"loc":{"start":{"line":42,"column":30},"end":{"line":42,"column":56}},"locations":[{"start":{"line":42,"column":30},"end":{"line":42,"column":56}}]},"5":{"type":"branch","line":48,"loc":{"start":{"line":48,"column":6},"end":{"line":50,"column":7}},"locations":[{"start":{"line":48,"column":6},"end":{"line":50,"column":7}}]},"6":{"type":"branch","line":66,"loc":{"start":{"line":66,"column":40},"end":{"line":79,"column":7}},"locations":[{"start":{"line":66,"column":40},"end":{"line":79,"column":7}}]},"7":{"type":"branch","line":73,"loc":{"start":{"line":73,"column":6},"end":{"line":79,"column":7}},"locations":[{"start":{"line":73,"column":6},"end":{"line":79,"column":7}}]},"8":{"type":"branch","line":82,"loc":{"start":{"line":82,"column":40},"end":{"line":88,"column":7}},"locations":[{"start":{"line":82,"column":40},"end":{"line":88,"column":7}}]},"9":{"type":"branch","line":85,"loc":{"start":{"line":85,"column":8},"end":{"line":87,"column":9}},"locations":[{"start":{"line":85,"column":8},"end":{"line":87,"column":9}}]},"10":{"type":"branch","line":90,"loc":{"start":{"line":90,"column":2},"end":{"line":92,"column":3}},"locations":[{"start":{"line":90,"column":2},"end":{"line":92,"column":3}}]},"11":{"type":"branch","line":43,"loc":{"start":{"line":43,"column":49},"end":{"line":43,"column":63}},"locations":[{"start":{"line":43,"column":49},"end":{"line":43,"column":63}}]},"12":{"type":"branch","line":54,"loc":{"start":{"line":54,"column":33},"end":{"line":59,"column":7}},"locations":[{"start":{"line":54,"column":33},"end":{"line":59,"column":7}}]},"13":{"type":"branch","line":57,"loc":{"start":{"line":57,"column":8},"end":{"line":58,"column":20}},"locations":[{"start":{"line":57,"column":8},"end":{"line":58,"column":20}}]},"14":{"type":"branch","line":67,"loc":{"start":{"line":67,"column":55},"end":{"line":67,"column":98}},"locations":[{"start":{"line":67,"column":55},"end":{"line":67,"column":98}}]}},"b":{"0":[4],"1":[0],"2":[0],"3":[3],"4":[0],"5":[0],"6":[2],"7":[1],"8":[2],"9":[0],"10":[0],"11":[2],"12":[3],"13":[0],"14":[2]},"fnMap":{"0":{"name":"handlePRSynchronize","decl":{"start":{"line":6,"column":0},"end":{"line":93,"column":1}},"loc":{"start":{"line":6,"column":0},"end":{"line":93,"column":1}},"line":6}},"f":{"0":4}}
[...]
ations":[{"start":{"line":117,"column":29},"end":{"line":122,"column":3}}]},"27":{"type":"branch","line":118,"loc":{"start":{"line":118,"column":40},"end":{"line":120,"column":5}},"locations":[{"start":{"line":118,"column":40},"end":{"line":120,"column":5}}]},"28":{"type":"branch","line":120,"loc":{"start":{"line":120,"column":4},"end":{"line":121,"column":16}},"locations":[{"start":{"line":120,"column":4},"end":{"line":121,"column":16}}]},"29":{"type":"branch","line":125,"loc":{"start":{"line":125,"column":34},"end":{"line":125,"column":74}},"locations":[{"start":{"line":125,"column":34},"end":{"line":125,"column":74}}]},"30":{"type":"branch","line":128,"loc":{"start":{"line":128,"column":6},"end":{"line":128,"column":94}},"locations":[{"start":{"line":128,"column":6},"end":{"line":128,"column":94}}]},"31":{"type":"branch","line":128,"loc":{"start":{"line":128,"column":42},"end":{"line":128,"column":94}},"locations":[{"start":{"line":128,"column":42},"end":{"line":128,"column":94}}]},"32":{"type":"branch","line":143,"loc":{"start":{"line":143,"column":7},"end":{"line":145,"column":1}},"locations":[{"start":{"line":143,"column":7},"end":{"line":145,"column":1}}]}},"b":{"0":[124],"1":[72],"2":[52],"3":[24],"4":[13],"5":[12],"6":[14],"7":[10],"8":[4],"9":[20],"10":[34],"11":[16],"12":[41],"13":[28],"14":[15],"15":[15],"16":[1],"17":[0],"18":[13],"19":[3],"20":[2],"21":[23],"22":[4],"23":[3],"24":[2],"25":[1],"26":[13],"27":[1],"28":[12],"29":[13],"30":[6],"31":[5],"32":[16]},"fnMap":{"0":{"name":"mapToDiscord","decl":{"start":{"line":6,"column":7},"end":{"line":13,"column":1}},"loc":{"start":{"line":6,"column":7},"end":{"line":13,"column":1}},"line":6},"1":{"name":"buildPRMessage","decl":{"start":{"line":18,"column":7},"end":{"line":59,"column":1}},"loc":{"start":{"line":18,"column":7},"end":{"line":59,"column":1}},"line":18},"2":{"name":"updateReviewersLine","decl":{"start":{"line":64,"column":7},"end":{"line":110,"column":1}},"loc":{"start":{"line":64,"column":7},"end":{"line":110,"column":1}},"line":64},"3":{"name":"updateStatusLine","decl":{"start":{"line":115,"column":7},"end":{"line":138,"column":1}},"loc":{"start":{"line":115,"column":7},"end":{"line":138,"column":1}},"line":115},"4":{"name":"replaceStatusLine","decl":{"start":{"line":143,"column":7},"end":{"line":145,"column":1}},"loc":{"start":{"line":143,"column":7},"end":{"line":145,"column":1}},"line":143}},"f":{"0":124,"1":24,"2":16,"3":4,"4":16}}
,"C:\\Users\\jenni\\OneDrive\\Documents\\GitHub\\agile-automation-playground\\.github\\scripts\\discord-pr-notifications\\utils\\github.ts": {"path":"C:\\Users\\jenni\\OneDrive\\Documents\\GitHub\\agile-automation-playground\\.github\\scripts\\discord-pr-notifications\\utils\\github.ts","all":false,"statementMap":{"0":{"start":{"line":1,"column":0},"end":{"line":1,"column":79}},"1":{"start":{"line":2,"column":0},"end":{"line":2,"column":65}},"2":{"start":{"line":3,"column":0},"end":{"line":3,"column":0}},"3":{"start":{"line":4,"column":0},"end":{"line":4,"column":3}},"4":{"start":{"line":5,"column":0},"end":{"line":5,"column":28}},"5":{"start":{"line":6,"column":0},"end":{"line":6,"column":3}},"6":{"start":{"line":7,"column":0},"end":{"line":7,"column":36}},"7":{"start":{"line":8,"column":0},"end":{"line":8,"column":26}},"8":{"start":{"line":9,"column":0},"end":{"line":9,"column":18}},"9":{"start":{"line":10,"column":0},"end":{"line":10,"column":29}},"10":{"start":{"line":11,"column":0},"end":{"line":11,"column":66}},"11":{"start":{"line":12,"column":0},"end":{"line":12,"column":30}},"12":{"start":{"line":13,"column":0},"end":{"line":13,"column":28}},"13":{"start":{"line":14,"column":0},"end":{"line":14,"column":27}},"14":{"start":{"line":15,"column":0},"end":{"line":15,"column":5}},"15":{"start":{"line":16,"column":0},"end":{"line":16,"column":23}},"16":{"start":{"line":17,"column":0},"end":{"line":17,"column":1}},"17":{"start":{"line":18,"column":0},"end":{"line":18,"column":0}},"18":{"start":{"line":19,"column":0},"end":{"line":19,"column":3}},"19":{"start":{"line":20,"column":0},"end":{"line":20,"column":40}},"20":{"start":{"line":21,"column":0},"end":{"line":21,"column":3}},"21":{"start":{"line":22,"column":0},"end":{"line":22,"column":40}},"22":{"start":{"line":23,"column":0},"end":{"line":23,"column":26}},"23":{"start":{"line":24,"column":0},"end":{"line":24,"column":18}},"24":{"start":{"line":25,"column":0},"end":{"line":25,"column":36}},"25":{"start":{"line":26,"column":0},"end":{"line":26,"column":58}},"26":{"start":{"line":27,"column":0},"end":{"line":27,"column":32}},"27":{"start":{"line":28,"column":0},"end":{"line":28,"column":1}},"28":{"start":{"line":29,"column":0},"end":{"line":29,"column":0}},"29":{"start":{"line":30,"column":0},"end":{"line":30,"column":3}},"30":{"start":{"line":31,"column":0},"end":{"line":31,"column":42}},"31":{"start":{"line":32,"column":0},"end":{"line":32,"column":3}},"32":{"start":{"line":33,"column":0},"end":{"line":33,"column":39}},"33":{"start":{"line":34,"column":0},"end":{"line":34,"column":26}},"34":{"start":{"line":35,"column":0},"end":{"line":35,"column":19}},"35":{"start":{"line":36,"column":0},"end":{"line":36,"column":27}},"36":{"start":{"line":37,"column":0},"end":{"line":37,"column":18}},"37":{"start":{"line":38,"column":0},"end":{"line":38,"column":54}},"38":{"start":{"line":39,"column":0},"end":{"line":39,"column":50}},"39":{"start":{"line":40,"column":0},"end":{"line":40,"column":30}},"40":{"start":{"line":41,"column":0},"end":{"line":41,"column":28}},"41":{"start":{"line":42,"column":0},"end":{"line":42,"column":27}},"42":{"start":{"line":43,"column":0},"end":{"line":43,"column":22}},"43":{"start":{"line":44,"column":0},"end":{"line":44,"column":5}},"44":{"start":{"line":45,"column":0},"end":{"line":45,"column":1}},"45":{"start":{"line":46,"column":0},"end":{"line":46,"column":0}},"46":{"start":{"line":47,"column":0},"end":{"line":47,"column":3}},"47":{"start":{"line":48,"column":0},"end":{"line":48,"column":43}},"48":{"start":{"line":49,"column":0},"end":{"line":49,"column":3}},"49":{"start":{"line":50,"column":0},"end":{"line":50,"column":39}},"50":{"start":{"line":51,"column":0},"end":{"line":51,"column":26}},"51":{"start":{"line":52,"column":0},"end":{"line":52,"column":19}},"52":{"start":{"line":53,"column":0},"end":{"line":53,"column":18}},"53":{"start":{"line":54,"column":0},"end":{"line":54,"column":20}},"54":{"start":{"line":55,"column":0},"end":{"line":55,"column":7}},"55":{"start":{"line":56,"column":0},"end":{"line":56,"column":66}},"56":{"start":{"line":57,"column":0},"end":{"line":57,"column":32}},"57":{"start":{"line":58,"column":0},"end":{"line":58,"column":30}},"58":{"start":{"line":59,"column":0},"end":{"line":59,"column":28}},"59":{"start":{"line":60,"column":0},"end":{"line":60,"column":26}},"60":{"start":{"line":61,"column":0},"end":{"line":61,"column":7}},"61":{"start":{"line":62,"column":0},"end":{"line":62,"column":38}},"62":{"start":{"line":63,"column":0},"end":{"line":63,"column":15}},"63":{"start":{"line":64,"column":0},"end":{"line":64,"column":101}},"64":{"start":{"line":65,"column":0},"end":{"line":65,"column":3}},"65":{"start":{"line":66,"column":0},"end":{"line":66,"column":1}},"66":{"start":{"line":67,"column":0},"end":{"line":67,"column":0}},"67":{"start":{"line":68,"column":0},"end":{"line":68,"column":3}},"68":{"start":{"line":69,"column":0},"end":{"line":69,"column":31}},"69":{"start":{"line":70,"column":0},"end":{"line":70,"column":3}},"70":{"start":{"line":71,"column":0},"end":{"line":71,"column":39}},"71":{"start":{"line":72,"column":0},"end":{"line":72,"column":26}},"72":{"start":{"line":73,"column":0},"end":{"line":73,"column":19}},"73":{"start":{"line":74,"column":0},"end":{"line":74,"column":26}},"74":{"start":{"line":75,"column":0},"end":{"line":75,"column":18}},"75":{"start":{"line":76,"column":0},"end":{"line":76,"column":36}},"76":{"start":{"line":77,"column":0},"end":{"line":77,"column":11}},"77":{"start":{"line":78,"column":0},"end":{"line":78,"column":3}},"78":{"start":{"line":79,"column":0},"end":{"line":79,"column":0}},"79":{"start":{"line":80,"column":0},"end":{"line":80,"column":7}},"80":{"start":{"line":81,"column":0},"end":{"line":81,"column":54}},"81":{"start":{"line":82,"column":0},"end":{"line":82,"column":32}},"82":{"start":{"line":83,"column":0},"end":{"line":83,"column":30}},"83":{"start":{"line":84,"column":0},"end":{"line":84,"column":28}},"84":{"start":{"line":85,"column":0},"end":{"line":85,"column":32}},"85":{"start":{"line":86,"column":0},"end":{"line":86,"column":7}},"86":{"start":{"line":87,"column":0},"end":{"line":87,"column":15}},"87":{"start":{"line":88,"column":0},"end":{"line":88,"column":99}},"88":{"start":{"line":89,"column":0},"end":{"line":89,"column":3}},"89":{"start":{"line":90,"column":0},"end":{"line":90,"column":1}},"90":{"start":{"line":91,"column":0},"end":{"line":91,"column":0}},"91":{"start":{"line":92,"column":0},"end":{"line":92,"column":3}},"92":{"start":{"line":93,"column":0},"end":{"line":93,"column":56}},"93":{"start":{"line":94,"column":0},"end":{"line":94,"column":3}},"94":{"start":{"line":95,"column":0},"end":{"line":95,"column":49}},"95":{"start":{"line":96,"column":0},"end":{"line":96,"column":26}},"96":{"start":{"line":97,"column":0},"end":{"line":97,"column":18}},"97":{"start":{"line":98,"column":0},"end":{"line":98,"column":18}},"98":{"start":{"line":99,"column":0},"end":{"line":99,"column":7}},"99":{"start":{"line":100,"column":0},"end":{"line":100,"column":52}},"100":{"start":{"line":101,"column":0},"end":{"line":101,"column":32}},"101":{"start":{"line":102,"column":0},"end":{"line":102,"column":30}},"102":{"start":{"line":103,"column":0},"end":{"line":103,"column":29}},"103":{"start":{"line":104,"column":0},"end":{"line":104,"column":147}},"104":{"start":{"line":105,"column":0},"end":{"line":105,"column":7}},"105":{"start":{"line":106,"column":0},"end":{"line":106,"column":15}},"106":{"start":{"line":107,"column":0},"end":{"line":107,"column":53}},"107":{"start":{"line":108,"column":0},"end":{"line":108,"column":94}},"108":{"start":{"line":109,"column":0},"end":{"line":109,"column":3}},"109":{"start":{"line":110,"column":0},"end":{"line":110,"column":1}}},"s":{"0":1,"1":1,"2":1,"3":1,"4":1,"5":1,"6":6,"7":6,"8":6,"9":6,"10":6,"11":6,"12":6,"13":6,"14":6,"15":5,"16":5,"17":1,"18":1,"19":1,"20":1,"21":3,"22":3,"23":3,"24":3,"25":3,"26":3,"27":3,"28":1,"29":1,"30":1,"31":1,"32":2,"33":2,"34":2,"35":2,"36":2,"37":2,"38":2,"39":2,"40":2,"41":2,"42":2,"43":2,"44":1,"45":1,"46":1,"47":1,"48":1,"49":3,"50":3,"51":3,"52":3,"53":3,"54":3,"55":3,"56":3,"57":3,"58":3,"59":3,"60":3,"61":3,"62":3,"63":1,"64":1,"65":3,"66":1,"67":1,"68":1,"69":1,"70":3,"71":3,"72":3,"73":3,"74":3,"75":3,"76":1,"77":1,"78":2,"79":2,"80":2,"81":2,"82":2,"83":2,"84":2,"85":2,"86":1,"87":1,"88":1,"89":3,"90":1,"91":1,"92":1,"93":1,"94":2,"95":2,"96":2,"97":2,"98":2,"99":2,"100":2,"101":2,"102":2,"103":2,"104":2,"105":1,"106":1,"107":1,"108":1,"109":2},"branchMap":{"0":{"type":"branch","line":7,"loc":{"start":{"line":7,"column":0},"end":{"line":17,"column":1}},"locations":[{"start":{"line":7,"column":0},"end":{"line":17,"column":1}}]},"1":{"type":"branch","line":15,"loc":{"start":{"line":15,"column":3},"end":{"line":17,"column":1}},"locations":[{"start":{"line":15,"column":3},"end":{"line":17,"column":1}}]},"2":{"type":"branch","line":22,"loc":{"start":{"line":22,"column":0},"end":{"line":28,"column":1}},"locations":[{"start":{"line":22,"column":0},"end":{"line":28,"column":1}}]},"3":{"type":"branch","line":33,"loc":{"start":{"line":33,"column":0},"end":{"line":45,"column":1}},"locations":[{"start":{"line":33,"column":0},"end":{"line":45,"column":1}}]},"4":{"type":"branch","line":44,"loc":{"start":{"line":44,"column":3},"end":{"line":45,"column":1}},"locations":[{"start":{"line":44,"column":3},"end":{"line":45,"column":1}}]},"5":{"type":"branch","line":50,"loc":{"start":{"line":50,"column":0},"end":{"line":66,"column":1}},"locations":[{"start":{"line":50,"column":0},"end":{"line":66,"column":1}}]},"6":{"type":"branch","line":61,"loc":{"start":{"line":61,"column":5},"end":{"line":62,"column":35}},"locations":[{"start":{"line":61,"column":5},"end":{"line":62,"column":35}}]},"7":{"type":"branch","line":62,"loc":{"start":{"line":62,"column":27},"end":{"line":62,"column":38}},"locations":[{"start":{"line":62,"column":27},"end":{"line":62,"column":38}}]},"8":{"type":"branch","line":63,"loc":{"start":{"line":63,"column":2},"end":{"line":65,"column":3}},"locations":[{"start":{"line":63,"column":2},"end":{"line":65,"column":3}}]},"9":{"type":"branch","line":64,"loc":{"start":{"line":64,"column":78},"end":{"line":64,"column":97}},"locations":[{"start":{"line":64,"column":78},"end":{"line":64,"column":97}}]},"10":{"type":"branch","line":71,"loc":{"start":{"line":71,"column":0},"end":{"line":90,"column":1}},"locations":[{"start":{"line":71,"column":0},"end":{"line":90,"column":1}}]},"11":{"type":"branch","line":76,"loc":{"start":{"line":76,"column":35},"end":{"line":78,"column":3}},"locations":[{"start":{"line":76,"column":35},"end":{"line":78,"column":3}}]},"12":{"type":"branch","line":78,"loc":{"start":{"line":78,"column":2},"end":{"line":86,"column":7}},"locations":[{"start":{"line":78,"column":2},"end":{"line":86,"column":7}}]},"13":{"type":"branch","line":86,"loc":{"start":{"line":86,"column":5},"end":{"line":89,"column":3}},"locations":[{"start":{"line":86,"column":5},"end":{"line":89,"column":3}}]},"14":{"type":"branch","line":88,"loc":{"start":{"line":88,"column":76},"end":{"line":88,"column":95}},"locations":[{"start":{"line":88,"column":76},"end":{"line":88,"column":95}}]},"15":{"type":"branch","line":95,"loc":{"start":{"line":95,"column":0},"end":{"line":110,"column":1}},"locations":[{"start":{"line":95,"column":0},"end":{"line":110,"column":1}}]},"16":{"type":"branch","line":105,"loc":{"start":{"line":105,"column":5},"end":{"line":109,"column":3}},"locations":[{"start":{"line":105,"column":5},"end":{"line":109,"column":3}}]},"17":{"type":"branch","line":108,"loc":{"start":{"line":108,"column":71},"end":{"line":108,"column":90}},"locations":[{"start":{"line":108,"column":71},"end":{"line":108,"column":90}}]}},"b":{"0":[6],"1":[5],"2":[3],"3":[2],"4":[1],"5":[3],"6":[2],"7":[1],"8":[1],"9":[0],"10":[3],"11":[1],"12":[2],"13":[1],"14":[0],"15":[2],"16":[1],"17":[0]},"fnMap":{"0":{"name":"getPRComments","decl":{"start":{"line":7,"column":0},"end":{"line":17,"column":1}},"loc":{"start":{"line":7,"column":0},"end":{"line":17,"column":1}},"line":7},"1":{"name":"getMetadataFromPR","decl":{"start":{"line":22,"column":0},"end":{"line":28,"column":1}},"loc":{"start":{"line":22,"column":0},"end":{"line":28,"column":1}},"line":22},"2":{"name":"saveMetadataToPR","decl":{"start":{"line":33,"column":0},"end":{"line":45,"column":1}},"loc":{"start":{"line":33,"column":0},"end":{"line":45,"column":1}},"line":33},"3":{"name":"getReviewDetails","decl":{"start":{"line":50,"column":0},"end":{"line":66,"column":1}},"loc":{"start":{"line":50,"column":0},"end":{"line":66,"column":1}},"line":50},"4":{"name":"requestReviewers","decl":{"start":{"line":71,"column":0},"end":{"line":90,"column":1}},"loc":{"start":{"line":71,"column":0},"end":{"line":90,"column":1}},"line":71},"5":{"name":"postMetadataMissingComment","decl":{"start":{"line":95,"column":0},"end":{"line":110,"column":1}},"loc":{"start":{"line":95,"column":0},"end":{"line":110,"column":1}},"line":95}},"f":{"0":6,"1":3,"2":2,"3":3,"4":3,"5":2}}
,"C:\\Users\\jenni\\OneDrive\\Documents\\GitHub\\agile-automation-playground\\.github\\scripts\\discord-pr-notifications\\utils\\metadata.ts": {"path":"C:\\Users\\jenni\\OneDrive\\Documents\\GitHub\\agile-automation-playground\\.github\\scripts\\discord-pr-notifications\\utils\\metadata.ts","all":false,"statementMap":{"0":{"start":{"line":1,"column":0},"end":{"line":1,"column":63}},"1":{"start":{"line":2,"column":0},"end":{"line":2,"column":0}},"2":{"start":{"line":3,"column":0},"end":{"line":3,"column":68}},"3":{"start":{"line":4,"column":0},"end":{"line":4,"column":0}},"4":{"start":{"line":5,"column":0},"end":{"line":5,"column":3}},"5":{"start":{"line":6,"column":0},"end":{"line":6,"column":51}},"6":{"start":{"line":7,"column":0},"end":{"line":7,"column":3}},"7":{"start":{"line":8,"column":0},"end":{"line":8,"column":81}},"8":{"start":{"line":9,"column":0},"end":{"line":9,"column":35}},"9":{"start":{"line":10,"column":0},"end":{"line":10,"column":24}},"10":{"start":{"line":11,"column":0},"end":{"line":11,"column":15}},"11":{"start":{"line":12,"column":0},"end":{"line":12,"column":5}},"12":{"start":{"line":13,"column":0},"end":{"line":13,"column":53}},"13":{"start":{"line":14,"column":0},"end":{"line":14,"column":16}},"14":{"start":{"line":15,"column":0},"end":{"line":15,"column":11}},"15":{"start":{"line":16,"column":0},"end":{"line":16,"column":55}},"16":{"start":{"line":17,"column":0},"end":{"line":17,"column":19}},"17":{"start":{"line":18,"column":0},"end":{"line":18,"column":43}},"18":{"start":{"line":19,"column":0},"end":{"line":19,"column":17}},"19":{"start":{"line":20,"column":0},"end":{"line":20,"column":7}},"20":{"start":{"line":21,"column":0},"end":{"line":21,"column":5}},"21":{"start":{"line":22,"column":0},"end":{"line":22,"column":3}},"22":{"start":{"line":23,"column":0},"end":{"line":23,"column":14}},"23":{"start":{"line":24,"column":0},"end":{"line":24,"column":1}},"24":{"start":{"line":25,"column":0},"end":{"line":25,"column":0}},"25":{"start":{"line":26,"column":0},"end":{"line":26,"column":3}},"26":{"start":{"line":27,"column":0},"end":{"line":27,"column":51}},"27":{"start":{"line":28,"column":0},"end":{"line":28,"column":3}},"28":{"start":{"line":29,"column":0},"end":{"line":29,"column":74}},"29":{"start":{"line":30,"column":0},"end":{"line":30,"column":80}},"30":{"start":{"line":31,"column":0},"end":{"line":31,"column":1}}},"s":{"0":1,"1":1,"2":1,"3":1,"4":1,"5":1,"6":1,"7":1,"8":10,"9":16,"10":1,"11":1,"12":15,"13":16,"14":8,"15":8,"16":8,"17":1,"18":1,"19":1,"20":8,"21":16,"22":3,"23":3,"24":1,"25":1,"26":1,"27":1,"28":1,"29":13,"30":13},"branchMap":{"0":{"type":"branch","line":8,"loc":{"start":{"line":8,"column":7},"end":{"line":24,"column":1}},"locations":[{"start":{"line":8,"column":7},"end":{"line":24,"column":1}}]},"1":{"type":"branch","line":9,"loc":{"start":{"line":9,"column":34},"end":{"line":22,"column":3}},"locations":[{"start":{"line":9,"column":34},"end":{"line":22,"column":3}}]},"2":{"type":"branch","line":10,"loc":{"start":{"line":10,"column":23},"end":{"line":12,"column":5}},"locations":[{"start":{"line":10,"column":23},"end":{"line":12,"column":5}}]},"3":{"type":"branch","line":12,"loc":{"start":{"line":12,"column":4},"end":{"line":14,"column":15}},"locations":[{"start":{"line":12,"column":4},"end":{"line":14,"column":15}}]},"4":{"type":"branch","line":14,"loc":{"start":{"line":14,"column":15},"end":{"line":21,"column":5}},"locations":[{"start":{"line":14,"column":15},"end":{"line":21,"column":5}}]},"5":{"type":"branch","line":17,"loc":{"start":{"line":17,"column":6},"end":{"line":20,"column":7}},"locations":[{"start":{"line":17,"column":6},"end":{"line":20,"column":7}}]},"6":{"type":"branch","line":22,"loc":{"start":{"line":22,"column":2},"end":{"line":24,"column":1}},"locations":[{"start":{"line":22,"column":2},"end":{"line":24,"column":1}}]},"7":{"type":"branch","line":29,"loc":{"start":{"line":29,"column":7},"end":{"line":31,"column":1}},"locations":[{"start":{"line":29,"column":7},"end":{"line":31,"column":1}}]}},"b":{"0":[10],"1":[16],"2":[1],"3":[15],"4":[8],"5":[1],"6":[3],"7":[13]},"fnMap":{"0":{"name":"findMetadata","decl":{"start":{"line":8,"column":7},"end":{"line":24,"column":1}},"loc":{"start":{"line":8,"column":7},"end":{"line":24,"column":1}},"line":8},"1":{"name":"createMetadataComment","decl":{"start":{"line":29,"column":7},"end":{"line":31,"column":1}},"loc":{"start":{"line":29,"column":7},"end":{"line":31,"column":1}},"line":29}},"f":{"0":10,"1":13}}
}
